#
# There is insufficient memory for the Java Runtime Environment to continue.
# Native memory allocation (mmap) failed to map 25165824 bytes. Error detail: G1 virtual space
# Possible reasons:
#   The system is out of physical RAM or swap space
#   This process is running with CompressedOops enabled, and the Java Heap may be blocking the growth of the native heap
# Possible solutions:
#   Reduce memory load on the system
#   Increase physical memory or swap space
#   Check if swap backing store is full
#   Decrease Java heap size (-Xmx/-Xms)
#   Decrease number of Java threads
#   Decrease Java thread stack sizes (-Xss)
#   Set larger code cache with -XX:ReservedCodeCacheSize=
#   JVM is running with Zero Based Compressed Oops mode in which the Java heap is
#     placed in the first 32GB address space. The Java Heap base address is the
#     maximum limit for the native heap growth. Please use -XX:HeapBaseMinAddress
#     to set the Java Heap base and to place the Java Heap above 32GB virtual address.
# This output file may be truncated or incomplete.
#
#  Out of Memory Error (os_windows.cpp:3614), pid=11060, tid=14564
#
# JRE version: OpenJDK Runtime Environment Corretto-17.0.13.11.1 (17.0.13+11) (build 17.0.13+11-LTS)
# Java VM: OpenJDK 64-Bit Server VM Corretto-17.0.13.11.1 (17.0.13+11-LTS, mixed mode, emulated-client, sharing, tiered, compressed oops, compressed class ptrs, g1 gc, windows-amd64)
# No core dump will be written. Minidumps are not enabled by default on client versions of Windows
#

---------------  S U M M A R Y ------------

Command Line: -agentlib:jdwp=transport=dt_socket,address=127.0.0.1:59844,suspend=y,server=n -agentpath:C:\Users\20866\AppData\Local\Temp\idea_libasyncProfiler_dll_temp_folder7\libasyncProfiler.dll=version,jfr,event=wall,interval=10ms,cstack=no,file=C:\Users\20866\IdeaSnapshots\XunZhiAdminApplication_2025_07_14_103513.jfr,dbghelppath=C:\Users\20866\AppData\Local\Temp\idea_dbghelp_dll_temp_folder\dbghelp.dll,log=C:\Users\20866\AppData\Local\Temp\XunZhiAdminApplication_2025_07_14_103513.jfr.log.txt,logLevel=DEBUG -XX:TieredStopAtLevel=1 -Dspring.output.ansi.enabled=always -Dcom.sun.management.jmxremote -Dspring.jmx.enabled=true -Dspring.liveBeansView.mbeanDomain -Dspring.application.admin.enabled=true -Dmanagement.endpoints.jmx.exposure.include=* -javaagent:C:\Users\20866\AppData\Local\JetBrains\IntelliJIdea2024.3\captureAgent\debugger-agent.jar -Dkotlinx.coroutines.debug.enable.creation.stack.trace=false -Ddebugger.agent.enable.coroutines=true -Dkotlinx.coroutines.debug.enable.flows.stack.trace=true -Dkotlinx.coroutines.debug.enable.mutable.state.flows.stack.trace=true -Dfile.encoding=UTF-8 com.hewei.hzyjy.xunzhi.XunZhiAdminApplication

Host: 12th Gen Intel(R) Core(TM) i7-12700H, 20 cores, 15G,  Windows 11 , 64 bit Build 22621 (10.0.22621.5262)
Time: Mon Jul 14 10:35:19 2025  Windows 11 , 64 bit Build 22621 (10.0.22621.5262) elapsed time: 5.319860 seconds (0d 0h 0m 5s)

---------------  T H R E A D  ---------------

Current thread (0x0000025e9938ec60):  VMThread "VM Thread" [stack: 0x000000dba2000000,0x000000dba2100000] [id=14564]

Stack: [0x000000dba2000000,0x000000dba2100000]
Native frames: (J=compiled Java code, j=interpreted, Vv=VM code, C=native code)
V  [jvm.dll+0x680c19]
V  [jvm.dll+0x83888a]
V  [jvm.dll+0x83a34e]
V  [jvm.dll+0x83a9b3]
V  [jvm.dll+0x2481af]
V  [jvm.dll+0x67d959]
V  [jvm.dll+0x67242a]
V  [jvm.dll+0x30813b]
V  [jvm.dll+0x30f626]
V  [jvm.dll+0x35f94e]
V  [jvm.dll+0x35fb8f]
V  [jvm.dll+0x2df0ec]
V  [jvm.dll+0x2dd4af]
V  [jvm.dll+0x2dcbdc]
V  [jvm.dll+0x32037b]
V  [jvm.dll+0x83eead]
V  [jvm.dll+0x83fbf2]
V  [jvm.dll+0x84011f]
V  [jvm.dll+0x840504]
V  [jvm.dll+0x8405d0]
V  [jvm.dll+0x7e7b2c]
V  [jvm.dll+0x67fae7]
C  [ucrtbase.dll+0x29333]
C  [KERNEL32.DLL+0x1259d]
C  [ntdll.dll+0x5af58]

VM_Operation (0x000000dba1afd190): G1CollectForAllocation, mode: safepoint, requested by thread 0x0000025eff72fec0


---------------  P R O C E S S  ---------------

Threads class SMR info:
_java_thread_list=0x0000025ee9648e70, length=82, elements={
0x0000025eff72fec0, 0x0000025e993937b0, 0x0000025e99394630, 0x0000025e993b5590,
0x0000025e993b5f60, 0x0000025e993b8930, 0x0000025e993bc310, 0x0000025e993bd0e0,
0x0000025e993bdae0, 0x0000025e9937d810, 0x0000025e994bb1d0, 0x0000025e994bb7b0,
0x0000025e994becf0, 0x0000025e994f55e0, 0x0000025e9953ba20, 0x0000025e9955a430,
0x0000025e9955e950, 0x0000025edf6b5730, 0x0000025edfa8ea80, 0x0000025edfcd3600,
0x0000025ee0540470, 0x0000025ee093cb00, 0x0000025ee0941560, 0x0000025ee0941ab0,
0x0000025ee2947c50, 0x0000025ee369d850, 0x0000025ee3696e00, 0x0000025ee3699170,
0x0000025ee369b4e0, 0x0000025ee369aac0, 0x0000025ee369afd0, 0x0000025ee3699680,
0x0000025ee369b9f0, 0x0000025ee369bf00, 0x0000025ee3697820, 0x0000025ee369dd60,
0x0000025ee369ce30, 0x0000025ee369d340, 0x0000025ee3698240, 0x0000025ee3697d30,
0x0000025ee3698750, 0x0000025ee3699b90, 0x0000025ee3698c60, 0x0000025ee2948160,
0x0000025ee0539f30, 0x0000025ee39bc160, 0x0000025ee39b7a80, 0x0000025ee39bcb80,
0x0000025ee39b6b50, 0x0000025ee39b93d0, 0x0000025ee39b9df0, 0x0000025ee39b84a0,
0x0000025ee39bbc50, 0x0000025ee39ba300, 0x0000025ee39bad20, 0x0000025ee39bb230,
0x0000025ee39b7060, 0x0000025ee39bd090, 0x0000025ee39bd5a0, 0x0000025ee39b8ec0,
0x0000025ee39bdab0, 0x0000025ee39b6640, 0x0000025ee39b89b0, 0x0000025ee39bdfc0,
0x0000025ee39bb740, 0x0000025ee39b98e0, 0x0000025ee39b7f90, 0x0000025ee39ba810,
0x0000025ee39b7570, 0x0000025ee39bc670, 0x0000025ee3a19fe0, 0x0000025ee3a1a4f0,
0x0000025ee3a1af10, 0x0000025ee3a17c70, 0x0000025ee3d34a10, 0x0000025ee3d35940,
0x0000025ee3d34f20, 0x0000025ee3a19ad0, 0x0000025ee3d390f0, 0x0000025ee3d39b10,
0x0000025ee8a1d830, 0x0000025ee8a205c0
}

Java Threads: ( => current thread )
  0x0000025eff72fec0 JavaThread "main" [_thread_blocked, id=21500, stack(0x000000dba1a00000,0x000000dba1b00000)]
  0x0000025e993937b0 JavaThread "Reference Handler" daemon [_thread_blocked, id=6044, stack(0x000000dba2100000,0x000000dba2200000)]
  0x0000025e99394630 JavaThread "Finalizer" daemon [_thread_blocked, id=3080, stack(0x000000dba2200000,0x000000dba2300000)]
  0x0000025e993b5590 JavaThread "Signal Dispatcher" daemon [_thread_blocked, id=27992, stack(0x000000dba2300000,0x000000dba2400000)]
  0x0000025e993b5f60 JavaThread "Attach Listener" daemon [_thread_blocked, id=22852, stack(0x000000dba2400000,0x000000dba2500000)]
  0x0000025e993b8930 JavaThread "Service Thread" daemon [_thread_blocked, id=26784, stack(0x000000dba2500000,0x000000dba2600000)]
  0x0000025e993bc310 JavaThread "Monitor Deflation Thread" daemon [_thread_blocked, id=20992, stack(0x000000dba2600000,0x000000dba2700000)]
  0x0000025e993bd0e0 JavaThread "C1 CompilerThread0" daemon [_thread_blocked, id=29520, stack(0x000000dba2700000,0x000000dba2800000)]
  0x0000025e993bdae0 JavaThread "Sweeper thread" daemon [_thread_blocked, id=25464, stack(0x000000dba2800000,0x000000dba2900000)]
  0x0000025e9937d810 JavaThread "Common-Cleaner" daemon [_thread_blocked, id=22756, stack(0x000000dba2900000,0x000000dba2a00000)]
  0x0000025e994bb1d0 JavaThread "C1 CompilerThread1" daemon [_thread_blocked, id=1844, stack(0x000000dba2a00000,0x000000dba2b00000)]
  0x0000025e994bb7b0 JavaThread "C1 CompilerThread2" daemon [_thread_blocked, id=29448, stack(0x000000dba2b00000,0x000000dba2c00000)]
  0x0000025e994becf0 JavaThread "C1 CompilerThread3" daemon [_thread_blocked, id=20092, stack(0x000000dba2c00000,0x000000dba2d00000)]
  0x0000025e994f55e0 JavaThread "C1 CompilerThread4" daemon [_thread_blocked, id=7196, stack(0x000000dba2d00000,0x000000dba2e00000)]
  0x0000025e9953ba20 JavaThread "JDWP Transport Listener: dt_socket" daemon [_thread_blocked, id=26420, stack(0x000000dba2e00000,0x000000dba2f00000)]
  0x0000025e9955a430 JavaThread "JDWP Event Helper Thread" daemon [_thread_blocked, id=25032, stack(0x000000dba2f00000,0x000000dba3000000)]
  0x0000025e9955e950 JavaThread "JDWP Command Reader" daemon [_thread_in_native, id=29244, stack(0x000000dba3000000,0x000000dba3100000)]
  0x0000025edf6b5730 JavaThread "Notification Thread" daemon [_thread_blocked, id=4388, stack(0x000000dba3600000,0x000000dba3700000)]
  0x0000025edfa8ea80 JavaThread "RMI TCP Accept-0" daemon [_thread_in_native, id=27980, stack(0x000000dba3700000,0x000000dba3800000)]
  0x0000025edfcd3600 JavaThread "RMI TCP Connection(2)-192.168.0.59" daemon [_thread_in_native, id=26408, stack(0x000000dba4100000,0x000000dba4200000)]
  0x0000025ee0540470 JavaThread "RMI Scheduler(0)" daemon [_thread_blocked, id=9064, stack(0x000000dba4200000,0x000000dba4300000)]
  0x0000025ee093cb00 JavaThread "C1 CompilerThread5" daemon [_thread_blocked, id=23288, stack(0x000000dba4500000,0x000000dba4600000)]
  0x0000025ee0941560 JavaThread "C1 CompilerThread6" daemon [_thread_blocked, id=29632, stack(0x000000dba4600000,0x000000dba4700000)]
  0x0000025ee0941ab0 JavaThread "C1 CompilerThread7" daemon [_thread_blocked, id=28436, stack(0x000000dba4700000,0x000000dba4800000)]
  0x0000025ee2947c50 JavaThread "Thread-1" daemon [_thread_in_native, id=23028, stack(0x000000dba4a00000,0x000000dba4b00000)]
  0x0000025ee369d850 JavaThread "redisson-netty-1-1" [_thread_in_native, id=10344, stack(0x000000dba4b00000,0x000000dba4c00000)]
  0x0000025ee3696e00 JavaThread "redisson-netty-1-2" [_thread_in_native, id=3164, stack(0x000000dba4c00000,0x000000dba4d00000)]
  0x0000025ee3699170 JavaThread "redisson-netty-1-3" [_thread_in_native, id=22308, stack(0x000000dba4d00000,0x000000dba4e00000)]
  0x0000025ee369b4e0 JavaThread "redisson-timer-4-1" [_thread_blocked, id=9048, stack(0x000000dba4f00000,0x000000dba5000000)]
  0x0000025ee369aac0 JavaThread "redisson-netty-1-4" [_thread_in_native, id=356, stack(0x000000dba5000000,0x000000dba5100000)]
  0x0000025ee369afd0 JavaThread "redisson-netty-1-5" [_thread_in_native, id=1836, stack(0x000000dba5100000,0x000000dba5200000)]
  0x0000025ee3699680 JavaThread "redisson-netty-1-6" [_thread_in_native, id=4832, stack(0x000000dba5200000,0x000000dba5300000)]
  0x0000025ee369b9f0 JavaThread "redisson-3-1" [_thread_blocked, id=21556, stack(0x000000dba5300000,0x000000dba5400000)]
  0x0000025ee369bf00 JavaThread "redisson-netty-1-7" [_thread_in_native, id=14828, stack(0x000000dba5400000,0x000000dba5500000)]
  0x0000025ee3697820 JavaThread "redisson-netty-1-8" [_thread_in_native, id=6528, stack(0x000000dba5500000,0x000000dba5600000)]
  0x0000025ee369dd60 JavaThread "redisson-3-2" [_thread_blocked, id=26156, stack(0x000000dba5600000,0x000000dba5700000)]
  0x0000025ee369ce30 JavaThread "redisson-netty-1-9" [_thread_in_native, id=25948, stack(0x000000dba5700000,0x000000dba5800000)]
  0x0000025ee369d340 JavaThread "redisson-netty-1-10" [_thread_in_native, id=20300, stack(0x000000dba5800000,0x000000dba5900000)]
  0x0000025ee3698240 JavaThread "redisson-3-3" [_thread_blocked, id=24344, stack(0x000000dba5900000,0x000000dba5a00000)]
  0x0000025ee3697d30 JavaThread "redisson-netty-1-11" [_thread_in_native, id=20348, stack(0x000000dba5a00000,0x000000dba5b00000)]
  0x0000025ee3698750 JavaThread "redisson-netty-1-12" [_thread_in_native, id=25808, stack(0x000000dba5b00000,0x000000dba5c00000)]
  0x0000025ee3699b90 JavaThread "redisson-3-4" [_thread_blocked, id=29512, stack(0x000000dba5c00000,0x000000dba5d00000)]
  0x0000025ee3698c60 JavaThread "redisson-netty-1-13" [_thread_in_native, id=21052, stack(0x000000dba5d00000,0x000000dba5e00000)]
  0x0000025ee2948160 JavaThread "redisson-netty-1-14" [_thread_in_native, id=21600, stack(0x000000dba5e00000,0x000000dba5f00000)]
  0x0000025ee0539f30 JavaThread "redisson-3-5" [_thread_blocked, id=10132, stack(0x000000dba5f00000,0x000000dba6000000)]
  0x0000025ee39bc160 JavaThread "redisson-netty-1-15" [_thread_in_native, id=29168, stack(0x000000dba6000000,0x000000dba6100000)]
  0x0000025ee39b7a80 JavaThread "redisson-netty-1-16" [_thread_in_native, id=26636, stack(0x000000dba6100000,0x000000dba6200000)]
  0x0000025ee39bcb80 JavaThread "redisson-3-6" [_thread_blocked, id=3976, stack(0x000000dba6200000,0x000000dba6300000)]
  0x0000025ee39b6b50 JavaThread "redisson-netty-1-17" [_thread_in_native, id=24328, stack(0x000000dba6300000,0x000000dba6400000)]
  0x0000025ee39b93d0 JavaThread "redisson-netty-1-18" [_thread_in_native, id=24428, stack(0x000000dba6400000,0x000000dba6500000)]
  0x0000025ee39b9df0 JavaThread "redisson-3-7" [_thread_blocked, id=8076, stack(0x000000dba6500000,0x000000dba6600000)]
  0x0000025ee39b84a0 JavaThread "redisson-netty-1-19" [_thread_in_native, id=25304, stack(0x000000dba6600000,0x000000dba6700000)]
  0x0000025ee39bbc50 JavaThread "redisson-netty-1-20" [_thread_in_native, id=1696, stack(0x000000dba6700000,0x000000dba6800000)]
  0x0000025ee39ba300 JavaThread "redisson-3-8" [_thread_blocked, id=29400, stack(0x000000dba6800000,0x000000dba6900000)]
  0x0000025ee39bad20 JavaThread "redisson-netty-1-21" [_thread_in_native, id=1648, stack(0x000000dba6900000,0x000000dba6a00000)]
  0x0000025ee39bb230 JavaThread "redisson-netty-1-22" [_thread_in_native, id=28228, stack(0x000000dba6a00000,0x000000dba6b00000)]
  0x0000025ee39b7060 JavaThread "redisson-3-9" [_thread_blocked, id=1488, stack(0x000000dba6b00000,0x000000dba6c00000)]
  0x0000025ee39bd090 JavaThread "redisson-netty-1-23" [_thread_in_native, id=26616, stack(0x000000dba6c00000,0x000000dba6d00000)]
  0x0000025ee39bd5a0 JavaThread "redisson-netty-1-24" [_thread_in_native, id=27816, stack(0x000000dba6d00000,0x000000dba6e00000)]
  0x0000025ee39b8ec0 JavaThread "redisson-3-10" [_thread_blocked, id=22860, stack(0x000000dba6e00000,0x000000dba6f00000)]
  0x0000025ee39bdab0 JavaThread "redisson-netty-1-25" [_thread_in_native, id=10180, stack(0x000000dba6f00000,0x000000dba7000000)]
  0x0000025ee39b6640 JavaThread "redisson-netty-1-26" [_thread_in_native, id=26872, stack(0x000000dba7000000,0x000000dba7100000)]
  0x0000025ee39b89b0 JavaThread "redisson-3-11" [_thread_blocked, id=28212, stack(0x000000dba7100000,0x000000dba7200000)]
  0x0000025ee39bdfc0 JavaThread "redisson-netty-1-27" [_thread_in_native, id=26484, stack(0x000000dba7200000,0x000000dba7300000)]
  0x0000025ee39bb740 JavaThread "redisson-netty-1-28" [_thread_in_native, id=21652, stack(0x000000dba7300000,0x000000dba7400000)]
  0x0000025ee39b98e0 JavaThread "redisson-3-12" [_thread_blocked, id=29156, stack(0x000000dba7400000,0x000000dba7500000)]
  0x0000025ee39b7f90 JavaThread "redisson-netty-1-29" [_thread_in_native, id=3868, stack(0x000000dba7500000,0x000000dba7600000)]
  0x0000025ee39ba810 JavaThread "redisson-netty-1-30" [_thread_in_native, id=9420, stack(0x000000dba7600000,0x000000dba7700000)]
  0x0000025ee39b7570 JavaThread "redisson-3-13" [_thread_blocked, id=21716, stack(0x000000dba7700000,0x000000dba7800000)]
  0x0000025ee39bc670 JavaThread "redisson-netty-1-31" [_thread_in_native, id=16060, stack(0x000000dba7800000,0x000000dba7900000)]
  0x0000025ee3a19fe0 JavaThread "redisson-3-14" [_thread_blocked, id=27088, stack(0x000000dba7a00000,0x000000dba7b00000)]
  0x0000025ee3a1a4f0 JavaThread "redisson-netty-1-32" [_thread_in_native, id=116, stack(0x000000dba7900000,0x000000dba7a00000)]
  0x0000025ee3a1af10 JavaThread "redisson-3-15" [_thread_blocked, id=1176, stack(0x000000dba7b00000,0x000000dba7c00000)]
  0x0000025ee3a17c70 JavaThread "redisson-3-16" [_thread_blocked, id=27584, stack(0x000000dba7c00000,0x000000dba7d00000)]
  0x0000025ee3d34a10 JavaThread "Catalina-utility-1" [_thread_blocked, id=22268, stack(0x000000dba7d00000,0x000000dba7e00000)]
  0x0000025ee3d35940 JavaThread "Catalina-utility-2" [_thread_blocked, id=21984, stack(0x000000dba7e00000,0x000000dba7f00000)]
  0x0000025ee3d34f20 JavaThread "container-0" [_thread_blocked, id=25588, stack(0x000000dba7f00000,0x000000dba8000000)]
  0x0000025ee3a19ad0 JavaThread "BufferPoolPruner-1-thread-1" daemon [_thread_blocked, id=11068, stack(0x000000dba8000000,0x000000dba8100000)]
  0x0000025ee3d390f0 JavaThread "cluster-ClusterId{value='68746ce64dff0338882b8fb9', description='null'}-127.0.0.1:27017" daemon [_thread_in_native, id=26588, stack(0x000000dba8100000,0x000000dba8200000)]
  0x0000025ee3d39b10 JavaThread "cluster-rtt-ClusterId{value='68746ce64dff0338882b8fb9', description='null'}-127.0.0.1:27017" daemon [_thread_blocked, id=8892, stack(0x000000dba8200000,0x000000dba8300000)]
  0x0000025ee8a1d830 JavaThread "MaintenanceTimer-2-thread-1" daemon [_thread_blocked, id=24636, stack(0x000000dba8300000,0x000000dba8400000)]
  0x0000025ee8a205c0 JavaThread "RMI TCP Connection(3)-192.168.0.59" daemon [_thread_in_native, id=20956, stack(0x000000dba8400000,0x000000dba8500000)]

Other Threads:
=>0x0000025e9938ec60 VMThread "VM Thread" [stack: 0x000000dba2000000,0x000000dba2100000] [id=14564]
  0x0000025edf9dfca0 WatcherThread [stack: 0x000000dba3800000,0x000000dba3900000] [id=9604]
  0x0000025effad5ad0 GCTaskThread "GC Thread#0" [stack: 0x000000dba1b00000,0x000000dba1c00000] [id=21880]
  0x0000025edf491bf0 GCTaskThread "GC Thread#1" [stack: 0x000000dba3100000,0x000000dba3200000] [id=22068]
  0x0000025edf491eb0 GCTaskThread "GC Thread#2" [stack: 0x000000dba3200000,0x000000dba3300000] [id=21768]
  0x0000025edf492170 GCTaskThread "GC Thread#3" [stack: 0x000000dba3300000,0x000000dba3400000] [id=26316]
  0x0000025edf492c50 GCTaskThread "GC Thread#4" [stack: 0x000000dba3400000,0x000000dba3500000] [id=28896]
  0x0000025edf494f20 GCTaskThread "GC Thread#5" [stack: 0x000000dba3500000,0x000000dba3600000] [id=4088]
  0x0000025edf9b6330 GCTaskThread "GC Thread#6" [stack: 0x000000dba3900000,0x000000dba3a00000] [id=29384]
  0x0000025edf9b70f0 GCTaskThread "GC Thread#7" [stack: 0x000000dba3a00000,0x000000dba3b00000] [id=18980]
  0x0000025edf9b5db0 GCTaskThread "GC Thread#8" [stack: 0x000000dba3b00000,0x000000dba3c00000] [id=23704]
  0x0000025edf9b65f0 GCTaskThread "GC Thread#9" [stack: 0x000000dba3c00000,0x000000dba3d00000] [id=22300]
  0x0000025edf9b6070 GCTaskThread "GC Thread#10" [stack: 0x000000dba3d00000,0x000000dba3e00000] [id=14860]
  0x0000025edfbad070 GCTaskThread "GC Thread#11" [stack: 0x000000dba3e00000,0x000000dba3f00000] [id=26028]
  0x0000025edfbac570 GCTaskThread "GC Thread#12" [stack: 0x000000dba3f00000,0x000000dba4000000] [id=21296]
  0x0000025edfbaf9b0 GCTaskThread "GC Thread#13" [stack: 0x000000dba4000000,0x000000dba4100000] [id=21928]
  0x0000025edfbabd30 GCTaskThread "GC Thread#14" [stack: 0x000000dba4300000,0x000000dba4400000] [id=24764]
  0x0000025effae6850 ConcurrentGCThread "G1 Main Marker" [stack: 0x000000dba1c00000,0x000000dba1d00000] [id=21220]
  0x0000025effae7480 ConcurrentGCThread "G1 Conc#0" [stack: 0x000000dba1d00000,0x000000dba1e00000] [id=29688]
  0x0000025edfbae3b0 ConcurrentGCThread "G1 Conc#1" [stack: 0x000000dba4400000,0x000000dba4500000] [id=23636]
  0x0000025edfbad330 ConcurrentGCThread "G1 Conc#2" [stack: 0x000000dba4800000,0x000000dba4900000] [id=22720]
  0x0000025edfbaeeb0 ConcurrentGCThread "G1 Conc#3" [stack: 0x000000dba4900000,0x000000dba4a00000] [id=22668]
  0x0000025effbc2960 ConcurrentGCThread "G1 Refine#0" [stack: 0x000000dba1e00000,0x000000dba1f00000] [id=3124]
  0x0000025effbc3390 ConcurrentGCThread "G1 Service" [stack: 0x000000dba1f00000,0x000000dba2000000] [id=18736]

Threads with active compile tasks:

VM state: at safepoint (normal execution)

VM Mutex/Monitor currently owned by a thread:  ([mutex/lock_event])
[0x0000025effa59770] Threads_lock - owner thread: 0x0000025e9938ec60
[0x0000025effa5a8e0] Heap_lock - owner thread: 0x0000025eff72fec0

Heap address: 0x0000000703e00000, size: 4034 MB, Compressed Oops mode: Zero based, Oop shift amount: 3

CDS archive(s) mapped at: [0x0000025e9a000000-0x0000025e9abb0000-0x0000025e9abb0000), size 12255232, SharedBaseAddress: 0x0000025e9a000000, ArchiveRelocationMode: 1.
Compressed class space mapped at: 0x0000025e9b000000-0x0000025edb000000, reserved size: 1073741824
Narrow klass base: 0x0000025e9a000000, Narrow klass shift: 0, Narrow klass range: 0x100000000

GC Precious Log:
 CPUs: 20 total, 20 available
 Memory: 16128M
 Large Page Support: Disabled
 NUMA Support: Disabled
 Compressed Oops: Enabled (Zero based)
 Heap Region Size: 2M
 Heap Min Capacity: 8M
 Heap Initial Capacity: 254M
 Heap Max Capacity: 4034M
 Pre-touch: Disabled
 Parallel Workers: 15
 Concurrent Workers: 4
 Concurrent Refinement Workers: 15
 Periodic GC: Disabled

Heap:
 garbage-first heap   total 122880K, used 51638K [0x0000000703e00000, 0x0000000800000000)
  region size 2048K, 4 young (8192K), 4 survivors (8192K)
 Metaspace       used 67700K, committed 68224K, reserved 1114112K
  class space    used 8968K, committed 9216K, reserved 1048576K

Heap Regions: E=young(eden), S=young(survivor), O=old, HS=humongous(starts), HC=humongous(continues), CS=collection set, F=free, OA=open archive, CA=closed archive, TAMS=top-at-mark-start (previous, next)
|   0|0x0000000703e00000, 0x0000000704000000, 0x0000000704000000|100%| O|  |TAMS 0x0000000704000000, 0x0000000703e00000| Untracked 
|   1|0x0000000704000000, 0x0000000704200000, 0x0000000704200000|100%| O|  |TAMS 0x0000000704200000, 0x0000000704000000| Untracked 
|   2|0x0000000704200000, 0x0000000704400000, 0x0000000704400000|100%| O|  |TAMS 0x0000000704400000, 0x0000000704200000| Untracked 
|   3|0x0000000704400000, 0x0000000704600000, 0x0000000704600000|100%| O|  |TAMS 0x0000000704600000, 0x0000000704400000| Untracked 
|   4|0x0000000704600000, 0x0000000704800000, 0x0000000704800000|100%| O|  |TAMS 0x0000000704800000, 0x0000000704600000| Untracked 
|   5|0x0000000704800000, 0x0000000704a00000, 0x0000000704a00000|100%| O|  |TAMS 0x0000000704a00000, 0x0000000704800000| Untracked 
|   6|0x0000000704a00000, 0x0000000704c00000, 0x0000000704c00000|100%| O|  |TAMS 0x0000000704c00000, 0x0000000704a00000| Untracked 
|   7|0x0000000704c00000, 0x0000000704e00000, 0x0000000704e00000|100%| O|  |TAMS 0x0000000704e00000, 0x0000000704c00000| Untracked 
|   8|0x0000000704e00000, 0x0000000705000000, 0x0000000705000000|100%| O|  |TAMS 0x0000000705000000, 0x0000000704e00000| Untracked 
|   9|0x0000000705000000, 0x0000000705200000, 0x0000000705200000|100%| O|  |TAMS 0x0000000705200000, 0x0000000705000000| Untracked 
|  10|0x0000000705200000, 0x0000000705400000, 0x0000000705400000|100%| O|  |TAMS 0x0000000705400000, 0x0000000705200000| Untracked 
|  11|0x0000000705400000, 0x0000000705600000, 0x0000000705600000|100%| O|  |TAMS 0x0000000705600000, 0x0000000705400000| Untracked 
|  12|0x0000000705600000, 0x0000000705800000, 0x0000000705800000|100%| O|  |TAMS 0x0000000705800000, 0x0000000705600000| Untracked 
|  13|0x0000000705800000, 0x000000070588aa00, 0x0000000705a00000| 27%| O|  |TAMS 0x000000070588aa00, 0x0000000705800000| Untracked 
|  14|0x0000000705a00000, 0x0000000705c00000, 0x0000000705c00000|100%| O|  |TAMS 0x0000000705c00000, 0x0000000705a00000| Untracked 
|  15|0x0000000705c00000, 0x0000000705e00000, 0x0000000705e00000|100%| O|  |TAMS 0x0000000705e00000, 0x0000000705c00000| Untracked 
|  16|0x0000000705e00000, 0x0000000706000000, 0x0000000706000000|100%| O|  |TAMS 0x0000000706000000, 0x0000000705e00000| Untracked 
|  17|0x0000000706000000, 0x0000000706200000, 0x0000000706200000|100%| O|  |TAMS 0x0000000706200000, 0x0000000706000000| Untracked 
|  18|0x0000000706200000, 0x0000000706400000, 0x0000000706400000|100%| O|  |TAMS 0x0000000706400000, 0x0000000706200000| Untracked 
|  19|0x0000000706400000, 0x0000000706600000, 0x0000000706600000|100%| O|  |TAMS 0x0000000706400000, 0x0000000706400000| Untracked 
|  20|0x0000000706600000, 0x0000000706800000, 0x0000000706800000|100%| O|  |TAMS 0x0000000706600000, 0x0000000706600000| Untracked 
|  21|0x0000000706800000, 0x0000000706979800, 0x0000000706a00000| 73%| O|  |TAMS 0x0000000706800000, 0x0000000706800000| Untracked 
|  22|0x0000000706a00000, 0x0000000706a00000, 0x0000000706c00000|  0%| F|  |TAMS 0x0000000706a00000, 0x0000000706a00000| Untracked 
|  23|0x0000000706c00000, 0x0000000706c00000, 0x0000000706e00000|  0%| F|  |TAMS 0x0000000706c00000, 0x0000000706c00000| Untracked 
|  24|0x0000000706e00000, 0x0000000707000000, 0x0000000707000000|100%| O|  |TAMS 0x0000000706ee3400, 0x0000000706e00000| Untracked 
|  25|0x0000000707000000, 0x0000000707000000, 0x0000000707200000|  0%| F|  |TAMS 0x0000000707000000, 0x0000000707000000| Untracked 
|  26|0x0000000707200000, 0x0000000707200000, 0x0000000707400000|  0%| F|  |TAMS 0x0000000707200000, 0x0000000707200000| Untracked 
|  27|0x0000000707400000, 0x0000000707400000, 0x0000000707600000|  0%| F|  |TAMS 0x0000000707400000, 0x0000000707400000| Untracked 
|  28|0x0000000707600000, 0x0000000707600000, 0x0000000707800000|  0%| F|  |TAMS 0x0000000707600000, 0x0000000707600000| Untracked 
|  29|0x0000000707800000, 0x0000000707800000, 0x0000000707a00000|  0%| F|  |TAMS 0x0000000707800000, 0x0000000707800000| Untracked 
|  30|0x0000000707a00000, 0x0000000707a697e0, 0x0000000707c00000| 20%| S|CS|TAMS 0x0000000707a00000, 0x0000000707a00000| Complete 
|  31|0x0000000707c00000, 0x0000000707c00000, 0x0000000707e00000|  0%| F|  |TAMS 0x0000000707c00000, 0x0000000707c00000| Untracked 
|  32|0x0000000707e00000, 0x0000000707e00000, 0x0000000708000000|  0%| F|  |TAMS 0x0000000707e00000, 0x0000000707e00000| Untracked 
|  33|0x0000000708000000, 0x0000000708000000, 0x0000000708200000|  0%| F|  |TAMS 0x0000000708000000, 0x0000000708000000| Untracked 
|  34|0x0000000708200000, 0x0000000708400000, 0x0000000708400000|100%| S|CS|TAMS 0x0000000708200000, 0x0000000708200000| Complete 
|  35|0x0000000708400000, 0x0000000708600000, 0x0000000708600000|100%| S|CS|TAMS 0x0000000708400000, 0x0000000708400000| Complete 
|  36|0x0000000708600000, 0x0000000708600000, 0x0000000708800000|  0%| F|  |TAMS 0x0000000708600000, 0x0000000708600000| Untracked 
|  37|0x0000000708800000, 0x0000000708a00000, 0x0000000708a00000|100%| S|CS|TAMS 0x0000000708800000, 0x0000000708800000| Complete 
|  38|0x0000000708a00000, 0x0000000708a00000, 0x0000000708c00000|  0%| F|  |TAMS 0x0000000708a00000, 0x0000000708a00000| Untracked 
|  39|0x0000000708c00000, 0x0000000708c00000, 0x0000000708e00000|  0%| F|  |TAMS 0x0000000708c00000, 0x0000000708c00000| Untracked 
|  40|0x0000000708e00000, 0x0000000708e00000, 0x0000000709000000|  0%| F|  |TAMS 0x0000000708e00000, 0x0000000708e00000| Untracked 
|  41|0x0000000709000000, 0x0000000709000000, 0x0000000709200000|  0%| F|  |TAMS 0x0000000709000000, 0x0000000709000000| Untracked 
|  42|0x0000000709200000, 0x0000000709200000, 0x0000000709400000|  0%| F|  |TAMS 0x0000000709200000, 0x0000000709200000| Untracked 
|  43|0x0000000709400000, 0x0000000709400000, 0x0000000709600000|  0%| F|  |TAMS 0x0000000709400000, 0x0000000709400000| Untracked 
|  44|0x0000000709600000, 0x0000000709600000, 0x0000000709800000|  0%| F|  |TAMS 0x0000000709600000, 0x0000000709600000| Untracked 
|  45|0x0000000709800000, 0x0000000709800000, 0x0000000709a00000|  0%| F|  |TAMS 0x0000000709800000, 0x0000000709800000| Untracked 
|  46|0x0000000709a00000, 0x0000000709a00000, 0x0000000709c00000|  0%| F|  |TAMS 0x0000000709a00000, 0x0000000709a00000| Untracked 
|  47|0x0000000709c00000, 0x0000000709c00000, 0x0000000709e00000|  0%| F|  |TAMS 0x0000000709c00000, 0x0000000709c00000| Untracked 
|  48|0x0000000709e00000, 0x0000000709e00000, 0x000000070a000000|  0%| F|  |TAMS 0x0000000709e00000, 0x0000000709e00000| Untracked 
|  49|0x000000070a000000, 0x000000070a000000, 0x000000070a200000|  0%| F|  |TAMS 0x000000070a000000, 0x000000070a000000| Untracked 
|  50|0x000000070a200000, 0x000000070a200000, 0x000000070a400000|  0%| F|  |TAMS 0x000000070a200000, 0x000000070a200000| Untracked 
|  51|0x000000070a400000, 0x000000070a400000, 0x000000070a600000|  0%| F|  |TAMS 0x000000070a400000, 0x000000070a400000| Untracked 
|  52|0x000000070a600000, 0x000000070a600000, 0x000000070a800000|  0%| F|  |TAMS 0x000000070a600000, 0x000000070a600000| Untracked 
|  53|0x000000070a800000, 0x000000070a800000, 0x000000070aa00000|  0%| F|  |TAMS 0x000000070a800000, 0x000000070a800000| Untracked 
|  54|0x000000070aa00000, 0x000000070aa00000, 0x000000070ac00000|  0%| F|  |TAMS 0x000000070aa00000, 0x000000070aa00000| Untracked 
|  55|0x000000070ac00000, 0x000000070ac00000, 0x000000070ae00000|  0%| F|  |TAMS 0x000000070ac00000, 0x000000070ac00000| Untracked 
|  56|0x000000070ae00000, 0x000000070ae00000, 0x000000070b000000|  0%| F|  |TAMS 0x000000070ae00000, 0x000000070ae00000| Untracked 
|  57|0x000000070b000000, 0x000000070b000000, 0x000000070b200000|  0%| F|  |TAMS 0x000000070b000000, 0x000000070b000000| Untracked 
|  58|0x000000070b200000, 0x000000070b200000, 0x000000070b400000|  0%| F|  |TAMS 0x000000070b200000, 0x000000070b200000| Untracked 
| 126|0x0000000713a00000, 0x0000000713a00000, 0x0000000713c00000|  0%| F|  |TAMS 0x0000000713a00000, 0x0000000713a00000| Untracked 

Card table byte_map: [0x0000025e8d340000,0x0000025e8db30000] _byte_map_base: 0x0000025e89b21000

Marking Bits (Prev, Next): (CMBitMap*) 0x0000025effad6130, (CMBitMap*) 0x0000025effad60f0
 Prev Bits: [0x0000025e92230000, 0x0000025e96138000)
 Next Bits: [0x0000025e8e320000, 0x0000025e92228000)

Polling page: 0x0000025efe9b0000

Metaspace:

Usage:
  Non-class:     57.36 MB used.
      Class:      8.76 MB used.
       Both:     66.11 MB used.

Virtual space:
  Non-class space:       64.00 MB reserved,      57.62 MB ( 90%) committed,  1 nodes.
      Class space:        1.00 GB reserved,       9.00 MB ( <1%) committed,  1 nodes.
             Both:        1.06 GB reserved,      66.62 MB (  6%) committed. 

Chunk freelists:
   Non-Class:  6.22 MB
       Class:  6.83 MB
        Both:  13.05 MB

MaxMetaspaceSize: unlimited
CompressedClassSpaceSize: 1.00 GB
Initial GC threshold: 21.00 MB
Current GC threshold: 98.06 MB
CDS: on
MetaspaceReclaimPolicy: balanced
 - commit_granule_bytes: 65536.
 - commit_granule_words: 8192.
 - virtual_space_node_default_size: 8388608.
 - enlarge_chunks_in_place: 1.
 - new_chunks_are_fully_committed: 0.
 - uncommit_free_chunks: 1.
 - use_allocation_guard: 0.
 - handle_deallocations: 1.


Internal statistics:

num_allocs_failed_limit: 9.
num_arena_births: 730.
num_arena_deaths: 0.
num_vsnodes_births: 2.
num_vsnodes_deaths: 0.
num_space_committed: 1066.
num_space_uncommitted: 0.
num_chunks_returned_to_freelist: 9.
num_chunks_taken_from_freelist: 2973.
num_chunk_merges: 3.
num_chunk_splits: 2160.
num_chunks_enlarged: 1705.
num_inconsistent_stats: 0.

CodeCache: size=49152Kb used=19388Kb max_used=19678Kb free=29763Kb
 bounds [0x0000025e88e90000, 0x0000025e8a1d0000, 0x0000025e8be90000]
 total_blobs=7513 nmethods=6766 adapters=667
 compilation: enabled
              stopped_count=0, restarted_count=0
 full_count=0

Compilation events (20 events):
Event: 5.298 Thread 0x0000025e993bd0e0 6904       1       org.springframework.core.convert.support.GenericConversionService::handleResult (12 bytes)
Event: 5.298 Thread 0x0000025e994bb7b0 6905       1       org.springframework.boot.context.properties.bind.Bindable::withAnnotations (34 bytes)
Event: 5.298 Thread 0x0000025e994becf0 6906       1       org.springframework.boot.context.properties.bind.Binder$Context::getConfigurationProperty (5 bytes)
Event: 5.298 Thread 0x0000025e994f55e0 nmethod 6903 0x0000025e895fa110 code [0x0000025e895fa2c0, 0x0000025e895fa4d8]
Event: 5.298 Thread 0x0000025e994becf0 nmethod 6906 0x0000025e895f9d10 code [0x0000025e895f9ea0, 0x0000025e895f9f78]
Event: 5.298 Thread 0x0000025e993bd0e0 nmethod 6904 0x0000025e893fcb90 code [0x0000025e893fcd40, 0x0000025e893fcfd8]
Event: 5.298 Thread 0x0000025e994bb7b0 nmethod 6905 0x0000025e89a67790 code [0x0000025e89a67940, 0x0000025e89a67c98]
Event: 5.298 Thread 0x0000025ee0941ab0 nmethod 6902 0x0000025e898d6210 code [0x0000025e898d64e0, 0x0000025e898d6f88]
Event: 5.303 Thread 0x0000025e994bb7b0 6907       1       org.springframework.core.MethodParameter::getParameterType (48 bytes)
Event: 5.303 Thread 0x0000025ee0941560 6908       1       org.springframework.beans.GenericTypeAwarePropertyDescriptor::<init> (310 bytes)
Event: 5.303 Thread 0x0000025e994bb7b0 nmethod 6907 0x0000025e89a67090 code [0x0000025e89a67260, 0x0000025e89a674b8]
Event: 5.304 Thread 0x0000025ee0941560 nmethod 6908 0x0000025e89acd510 code [0x0000025e89acd8c0, 0x0000025e89aced68]
Event: 5.304 Thread 0x0000025ee0941560 6909       1       org.springframework.core.MethodParameter::getGenericParameterType (147 bytes)
Event: 5.305 Thread 0x0000025ee0941560 nmethod 6909 0x0000025e89ccda90 code [0x0000025e89ccdce0, 0x0000025e89cce6c8]
Event: 5.307 Thread 0x0000025e993bd0e0 6910       1       org.springframework.beans.factory.BeanFactoryUtils::beanNamesForTypeIncludingAncestors (78 bytes)
Event: 5.307 Thread 0x0000025e993bd0e0 nmethod 6910 0x0000025e89a66510 code [0x0000025e89a66700, 0x0000025e89a66b08]
Event: 5.308 Thread 0x0000025e994bb1d0 6911       1       org.springframework.beans.factory.support.DefaultListableBeanFactory::resolveDependency (115 bytes)
Event: 5.308 Thread 0x0000025e993bd0e0 6912       1       org.springframework.beans.factory.config.DependencyDescriptor::initParameterNameDiscovery (16 bytes)
Event: 5.308 Thread 0x0000025e993bd0e0 nmethod 6912 0x0000025e89acd110 code [0x0000025e89acd2a0, 0x0000025e89acd3d8]
Event: 5.308 Thread 0x0000025e994bb1d0 nmethod 6911 0x0000025e89f27410 code [0x0000025e89f27660, 0x0000025e89f27bd8]

GC Heap History (20 events):
Event: 1.206 GC heap after
{Heap after GC invocations=3 (full 0):
 garbage-first heap   total 260096K, used 19166K [0x0000000703e00000, 0x0000000800000000)
  region size 2048K, 3 young (6144K), 3 survivors (6144K)
 Metaspace       used 13279K, committed 13632K, reserved 1114112K
  class space    used 1763K, committed 1920K, reserved 1048576K
}
Event: 1.417 GC heap before
{Heap before GC invocations=3 (full 0):
 garbage-first heap   total 260096K, used 62174K [0x0000000703e00000, 0x0000000800000000)
  region size 2048K, 25 young (51200K), 3 survivors (6144K)
 Metaspace       used 21196K, committed 21504K, reserved 1114112K
  class space    used 2656K, committed 2816K, reserved 1048576K
}
Event: 1.420 GC heap after
{Heap after GC invocations=4 (full 0):
 garbage-first heap   total 260096K, used 21711K [0x0000000703e00000, 0x0000000800000000)
  region size 2048K, 4 young (8192K), 4 survivors (8192K)
 Metaspace       used 21196K, committed 21504K, reserved 1114112K
  class space    used 2656K, committed 2816K, reserved 1048576K
}
Event: 1.804 GC heap before
{Heap before GC invocations=5 (full 0):
 garbage-first heap   total 90112K, used 64719K [0x0000000703e00000, 0x0000000800000000)
  region size 2048K, 26 young (53248K), 4 survivors (8192K)
 Metaspace       used 24788K, committed 25088K, reserved 1114112K
  class space    used 3109K, committed 3264K, reserved 1048576K
}
Event: 1.811 GC heap after
{Heap after GC invocations=6 (full 0):
 garbage-first heap   total 90112K, used 25649K [0x0000000703e00000, 0x0000000800000000)
  region size 2048K, 4 young (8192K), 4 survivors (8192K)
 Metaspace       used 24788K, committed 25088K, reserved 1114112K
  class space    used 3109K, committed 3264K, reserved 1048576K
}
Event: 1.831 GC heap before
{Heap before GC invocations=6 (full 0):
 garbage-first heap   total 90112K, used 27697K [0x0000000703e00000, 0x0000000800000000)
  region size 2048K, 5 young (10240K), 4 survivors (8192K)
 Metaspace       used 24949K, committed 25216K, reserved 1114112K
  class space    used 3136K, committed 3264K, reserved 1048576K
}
Event: 1.835 GC heap after
{Heap after GC invocations=7 (full 0):
 garbage-first heap   total 90112K, used 26317K [0x0000000703e00000, 0x0000000800000000)
  region size 2048K, 1 young (2048K), 1 survivors (2048K)
 Metaspace       used 24949K, committed 25216K, reserved 1114112K
  class space    used 3136K, committed 3264K, reserved 1048576K
}
Event: 2.115 GC heap before
{Heap before GC invocations=7 (full 0):
 garbage-first heap   total 90112K, used 59085K [0x0000000703e00000, 0x0000000800000000)
  region size 2048K, 17 young (34816K), 1 survivors (2048K)
 Metaspace       used 27465K, committed 27776K, reserved 1114112K
  class space    used 3465K, committed 3584K, reserved 1048576K
}
Event: 2.119 GC heap after
{Heap after GC invocations=8 (full 0):
 garbage-first heap   total 153600K, used 27493K [0x0000000703e00000, 0x0000000800000000)
  region size 2048K, 2 young (4096K), 2 survivors (4096K)
 Metaspace       used 27465K, committed 27776K, reserved 1114112K
  class space    used 3465K, committed 3584K, reserved 1048576K
}
Event: 2.925 GC heap before
{Heap before GC invocations=8 (full 0):
 garbage-first heap   total 153600K, used 103269K [0x0000000703e00000, 0x0000000800000000)
  region size 2048K, 41 young (83968K), 2 survivors (4096K)
 Metaspace       used 35627K, committed 35968K, reserved 1114112K
  class space    used 4840K, committed 4992K, reserved 1048576K
}
Event: 2.930 GC heap after
{Heap after GC invocations=9 (full 0):
 garbage-first heap   total 153600K, used 31547K [0x0000000703e00000, 0x0000000800000000)
  region size 2048K, 4 young (8192K), 4 survivors (8192K)
 Metaspace       used 35627K, committed 35968K, reserved 1114112K
  class space    used 4840K, committed 4992K, reserved 1048576K
}
Event: 3.663 GC heap before
{Heap before GC invocations=10 (full 0):
 garbage-first heap   total 122880K, used 97083K [0x0000000703e00000, 0x0000000800000000)
  region size 2048K, 36 young (73728K), 4 survivors (8192K)
 Metaspace       used 46590K, committed 47040K, reserved 1114112K
  class space    used 6193K, committed 6400K, reserved 1048576K
}
Event: 3.668 GC heap after
{Heap after GC invocations=11 (full 0):
 garbage-first heap   total 122880K, used 38377K [0x0000000703e00000, 0x0000000800000000)
  region size 2048K, 5 young (10240K), 5 survivors (10240K)
 Metaspace       used 46590K, committed 47040K, reserved 1114112K
  class space    used 6193K, committed 6400K, reserved 1048576K
}
Event: 4.179 GC heap before
{Heap before GC invocations=11 (full 0):
 garbage-first heap   total 122880K, used 89577K [0x0000000703e00000, 0x0000000800000000)
  region size 2048K, 31 young (63488K), 5 survivors (10240K)
 Metaspace       used 53969K, committed 54464K, reserved 1114112K
  class space    used 7213K, committed 7424K, reserved 1048576K
}
Event: 4.183 GC heap after
{Heap after GC invocations=12 (full 0):
 garbage-first heap   total 122880K, used 42656K [0x0000000703e00000, 0x0000000800000000)
  region size 2048K, 3 young (6144K), 3 survivors (6144K)
 Metaspace       used 53969K, committed 54464K, reserved 1114112K
  class space    used 7213K, committed 7424K, reserved 1048576K
}
Event: 4.605 GC heap before
{Heap before GC invocations=12 (full 0):
 garbage-first heap   total 122880K, used 89760K [0x0000000703e00000, 0x0000000800000000)
  region size 2048K, 27 young (55296K), 3 survivors (6144K)
 Metaspace       used 59673K, committed 60160K, reserved 1114112K
  class space    used 8125K, committed 8320K, reserved 1048576K
}
Event: 4.608 GC heap after
{Heap after GC invocations=13 (full 0):
 garbage-first heap   total 122880K, used 45340K [0x0000000703e00000, 0x0000000800000000)
  region size 2048K, 4 young (8192K), 4 survivors (8192K)
 Metaspace       used 59673K, committed 60160K, reserved 1114112K
  class space    used 8125K, committed 8320K, reserved 1048576K
}
Event: 4.840 GC heap before
{Heap before GC invocations=14 (full 0):
 garbage-first heap   total 122880K, used 90396K [0x0000000703e00000, 0x0000000800000000)
  region size 2048K, 27 young (55296K), 4 survivors (8192K)
 Metaspace       used 61556K, committed 62080K, reserved 1114112K
  class space    used 8326K, committed 8576K, reserved 1048576K
}
Event: 4.843 GC heap after
{Heap after GC invocations=15 (full 0):
 garbage-first heap   total 122880K, used 48058K [0x0000000703e00000, 0x0000000800000000)
  region size 2048K, 4 young (8192K), 4 survivors (8192K)
 Metaspace       used 61556K, committed 62080K, reserved 1114112K
  class space    used 8326K, committed 8576K, reserved 1048576K
}
Event: 5.313 GC heap before
{Heap before GC invocations=15 (full 0):
 garbage-first heap   total 122880K, used 93114K [0x0000000703e00000, 0x0000000800000000)
  region size 2048K, 26 young (53248K), 4 survivors (8192K)
 Metaspace       used 67700K, committed 68224K, reserved 1114112K
  class space    used 8968K, committed 9216K, reserved 1048576K
}

Dll operation events (13 events):
Event: 0.016 Loaded shared library C:\Users\20866\.jdks\corretto-17.0.13\bin\java.dll
Event: 0.017 Loaded shared library C:\Users\20866\.jdks\corretto-17.0.13\bin\zip.dll
Event: 0.032 Loaded shared library C:\Users\20866\.jdks\corretto-17.0.13\bin\jsvml.dll
Event: 0.115 Loaded shared library C:\Users\20866\.jdks\corretto-17.0.13\bin\instrument.dll
Event: 0.120 Loaded shared library C:\Users\20866\.jdks\corretto-17.0.13\bin\net.dll
Event: 0.121 Loaded shared library C:\Users\20866\.jdks\corretto-17.0.13\bin\nio.dll
Event: 0.123 Loaded shared library C:\Users\20866\.jdks\corretto-17.0.13\bin\zip.dll
Event: 0.230 Loaded shared library C:\Users\20866\.jdks\corretto-17.0.13\bin\jimage.dll
Event: 0.359 Loaded shared library C:\Users\20866\.jdks\corretto-17.0.13\bin\management.dll
Event: 0.380 Loaded shared library C:\Users\20866\.jdks\corretto-17.0.13\bin\management_ext.dll
Event: 0.736 Loaded shared library C:\Users\20866\.jdks\corretto-17.0.13\bin\extnet.dll
Event: 0.767 Loaded shared library C:\Users\20866\.jdks\corretto-17.0.13\bin\verify.dll
Event: 3.189 Loaded shared library C:\Users\20866\.jdks\corretto-17.0.13\bin\sunmscapi.dll

Deoptimization events (20 events):
Event: 5.308 Thread 0x0000025eff72fec0 DEOPT PACKING pc=0x0000025e898719dc sp=0x000000dba1afd320
Event: 5.308 Thread 0x0000025eff72fec0 DEOPT UNPACKING pc=0x0000025e88ee7143 sp=0x000000dba1afc898 mode 1
Event: 5.310 Thread 0x0000025eff72fec0 DEOPT PACKING pc=0x0000025e898719dc sp=0x000000dba1afe1e0
Event: 5.310 Thread 0x0000025eff72fec0 DEOPT UNPACKING pc=0x0000025e88ee7143 sp=0x000000dba1afd740 mode 1
Event: 5.310 Thread 0x0000025eff72fec0 DEOPT PACKING pc=0x0000025e8a187ac4 sp=0x000000dba1afe300
Event: 5.310 Thread 0x0000025eff72fec0 DEOPT UNPACKING pc=0x0000025e88ee7143 sp=0x000000dba1afd7d0 mode 1
Event: 5.310 Thread 0x0000025eff72fec0 DEOPT PACKING pc=0x0000025e898719dc sp=0x000000dba1afe1d0
Event: 5.310 Thread 0x0000025eff72fec0 DEOPT UNPACKING pc=0x0000025e88ee7143 sp=0x000000dba1afd748 mode 1
Event: 5.311 Thread 0x0000025eff72fec0 DEOPT PACKING pc=0x0000025e898719dc sp=0x000000dba1afe1e0
Event: 5.311 Thread 0x0000025eff72fec0 DEOPT UNPACKING pc=0x0000025e88ee7143 sp=0x000000dba1afd740 mode 1
Event: 5.311 Thread 0x0000025eff72fec0 DEOPT PACKING pc=0x0000025e8a187ac4 sp=0x000000dba1afe300
Event: 5.311 Thread 0x0000025eff72fec0 DEOPT UNPACKING pc=0x0000025e88ee7143 sp=0x000000dba1afd7d0 mode 1
Event: 5.311 Thread 0x0000025eff72fec0 DEOPT PACKING pc=0x0000025e898719dc sp=0x000000dba1afe1d0
Event: 5.311 Thread 0x0000025eff72fec0 DEOPT UNPACKING pc=0x0000025e88ee7143 sp=0x000000dba1afd748 mode 1
Event: 5.311 Thread 0x0000025eff72fec0 DEOPT PACKING pc=0x0000025e898719dc sp=0x000000dba1afe1e0
Event: 5.311 Thread 0x0000025eff72fec0 DEOPT UNPACKING pc=0x0000025e88ee7143 sp=0x000000dba1afd740 mode 1
Event: 5.311 Thread 0x0000025eff72fec0 DEOPT PACKING pc=0x0000025e8a187ac4 sp=0x000000dba1afe300
Event: 5.311 Thread 0x0000025eff72fec0 DEOPT UNPACKING pc=0x0000025e88ee7143 sp=0x000000dba1afd7d0 mode 1
Event: 5.311 Thread 0x0000025eff72fec0 DEOPT PACKING pc=0x0000025e898719dc sp=0x000000dba1afe1d0
Event: 5.311 Thread 0x0000025eff72fec0 DEOPT UNPACKING pc=0x0000025e88ee7143 sp=0x000000dba1afd748 mode 1

Classes loaded (20 events):
Event: 5.307 Loading class cn/dev33/satoken/spring/json/SaJsonTemplateForJackson
Event: 5.307 Loading class cn/dev33/satoken/spring/json/SaJsonTemplateForJackson done
Event: 5.309 Loading class sun/reflect/annotation/AnnotationInvocationHandler$1
Event: 5.309 Loading class sun/reflect/annotation/AnnotationInvocationHandler$1 done
Event: 5.310 Loading class org/springframework/boot/jdbc/DataSourceUnwrapper
Event: 5.310 Loading class org/springframework/boot/jdbc/DataSourceUnwrapper done
Event: 5.311 Loading class org/springframework/boot/jdbc/metadata/DataSourcePoolMetadataProvider
Event: 5.311 Loading class org/springframework/boot/jdbc/metadata/DataSourcePoolMetadataProvider done
Event: 5.311 Loading class javax/sql/DataSource
Event: 5.311 Loading class javax/sql/DataSource done
Event: 5.311 Loading class javax/sql/DataSource
Event: 5.311 Loading class javax/sql/DataSource done
Event: 5.311 Loading class org/springframework/boot/jdbc/metadata/DataSourcePoolMetadataProvider
Event: 5.311 Loading class org/springframework/boot/jdbc/metadata/DataSourcePoolMetadataProvider done
Event: 5.311 Loading class javax/sql/DataSource
Event: 5.311 Loading class javax/sql/DataSource done
Event: 5.311 Loading class javax/sql/DataSource
Event: 5.311 Loading class javax/sql/DataSource done
Event: 5.311 Loading class com/baomidou/mybatisplus/extension/ddl/IDdl
Event: 5.311 Loading class com/baomidou/mybatisplus/extension/ddl/IDdl done

Classes unloaded (0 events):
No events

Classes redefined (1 events):
Event: 0.330 Thread 0x0000025e9938ec60 redefined class name=java.lang.Throwable, count=1

Internal exceptions (20 events):
Event: 3.805 Thread 0x0000025eff72fec0 Exception <a 'java/lang/IncompatibleClassChangeError'{0x000000070a7d14b0}: Found class java.lang.Object, but interface was expected> (0x000000070a7d14b0) 
thrown [s\src\hotspot\share\interpreter\linkResolver.cpp, line 826]
Event: 3.874 Thread 0x0000025eff72fec0 Exception <a 'java/lang/NoSuchMethodError'{0x0000000709e789e8}: 'long java.lang.invoke.DirectMethodHandle$Holder.invokeVirtual(java.lang.Object, java.lang.Object)'> (0x0000000709e789e8) 
thrown [s\src\hotspot\share\interpreter\linkResolver.cpp, line 759]
Event: 4.028 Thread 0x0000025eff72fec0 Exception <a 'java/lang/NoSuchMethodError'{0x00000007091decb0}: 'int java.lang.invoke.Invokers$Holder.invokeExact_MT(java.lang.Object, java.lang.Object, java.lang.Object)'> (0x00000007091decb0) 
thrown [s\src\hotspot\share\interpreter\linkResolver.cpp, line 759]
Event: 4.174 Thread 0x0000025edfcd3600 Exception <a 'java/lang/reflect/InvocationTargetException'{0x00000007083f21a8}> (0x00000007083f21a8) 
thrown [s\src\hotspot\share\runtime\reflection.cpp, line 1128]
Event: 4.276 Thread 0x0000025eff72fec0 Exception <a 'java/lang/NoSuchMethodError'{0x000000070ac04c20}: 'double java.lang.invoke.DirectMethodHandle$Holder.invokeVirtual(java.lang.Object, java.lang.Object)'> (0x000000070ac04c20) 
thrown [s\src\hotspot\share\interpreter\linkResolver.cpp, line 759]
Event: 4.287 Thread 0x0000025eff72fec0 Exception <a 'java/lang/NoSuchMethodError'{0x000000070ad4e318}: 'long java.lang.invoke.DirectMethodHandle$Holder.invokeStatic(java.lang.Object)'> (0x000000070ad4e318) 
thrown [s\src\hotspot\share\interpreter\linkResolver.cpp, line 759]
Event: 4.347 Thread 0x0000025eff72fec0 Exception <a 'java/lang/NoSuchMethodError'{0x000000070a4c4c08}: 'java.lang.Object java.lang.invoke.DirectMethodHandle$Holder.newInvokeSpecial(java.lang.Object, java.lang.Object, java.lang.Object, int, int)'> (0x000000070a4c4c08) 
thrown [s\src\hotspot\share\interpreter\linkResolver.cpp, line 759]
Event: 4.347 Thread 0x0000025eff72fec0 Exception <a 'java/lang/NoSuchMethodError'{0x000000070a4ccc98}: 'java.lang.Object java.lang.invoke.Invokers$Holder.linkToTargetMethod(java.lang.Object, java.lang.Object, int, int, java.lang.Object)'> (0x000000070a4ccc98) 
thrown [s\src\hotspot\share\interpreter\linkResolver.cpp, line 759]
Event: 4.362 Thread 0x0000025eff72fec0 Exception <a 'java/lang/NoSuchMethodError'{0x000000070a3700b8}: 'void java.lang.invoke.DirectMethodHandle$Holder.invokeVirtual(java.lang.Object, java.lang.Object, int)'> (0x000000070a3700b8) 
thrown [s\src\hotspot\share\interpreter\linkResolver.cpp, line 759]
Event: 4.443 Thread 0x0000025eff72fec0 Exception <a 'java/lang/NoSuchMethodError'{0x0000000709b11590}: 'java.lang.Object java.lang.invoke.DirectMethodHandle$Holder.newInvokeSpecial(java.lang.Object, long)'> (0x0000000709b11590) 
thrown [s\src\hotspot\share\interpreter\linkResolver.cpp, line 759]
Event: 4.505 Thread 0x0000025eff72fec0 Exception <a 'java/lang/IncompatibleClassChangeError'{0x00000007094e5190}: Found class java.lang.Object, but interface was expected> (0x00000007094e5190) 
thrown [s\src\hotspot\share\interpreter\linkResolver.cpp, line 826]
Event: 4.511 Thread 0x0000025eff72fec0 Exception <a 'java/lang/NoSuchMethodError'{0x000000070955e040}: 'void java.lang.invoke.DirectMethodHandle$Holder.invokeSpecial(java.lang.Object, java.lang.Object, java.lang.Object, java.lang.Object, java.lang.Object, java.lang.Object, java.lang.Object)'> (0x000000070955e040) 
thrown [s\src\hotspot\share\interpreter\linkResolver.cpp, line 759]
Event: 4.550 Thread 0x0000025eff72fec0 Exception <a 'java/lang/NoSuchMethodError'{0x00000007090a5988}: 'java.lang.Object java.lang.invoke.DirectMethodHandle$Holder.invokeStatic(java.lang.Object, java.lang.Object, int, java.lang.Object)'> (0x00000007090a5988) 
thrown [s\src\hotspot\share\interpreter\linkResolver.cpp, line 759]
Event: 4.705 Thread 0x0000025eff72fec0 Exception <a 'java/lang/NoSuchMethodError'{0x0000000709e54fd0}: 'void java.lang.invoke.DirectMethodHandle$Holder.invokeSpecial(java.lang.Object, java.lang.Object, java.lang.Object, java.lang.Object, java.lang.Object, java.lang.Object, java.lang.Object, java.lang.Object)'> (0x0000000709e54fd0) 
thrown [s\src\hotspot\share\interpreter\linkResolver.cpp, line 759]
Event: 4.711 Thread 0x0000025ee3696e00 Exception <a 'java/lang/NoSuchMethodError'{0x0000000709f08ef0}: 'java.lang.Object java.lang.invoke.DirectMethodHandle$Holder.newInvokeSpecial(java.lang.Object, java.lang.Object, java.lang.Object, long, java.lang.Object)'> (0x0000000709f08ef0) 
thrown [s\src\hotspot\share\interpreter\linkResolver.cpp, line 759]
Event: 4.711 Thread 0x0000025ee3696e00 Exception <a 'java/lang/NoSuchMethodError'{0x0000000709f10b20}: 'java.lang.Object java.lang.invoke.Invokers$Holder.linkToTargetMethod(java.lang.Object, java.lang.Object, long, java.lang.Object, java.lang.Object)'> (0x0000000709f10b20) 
thrown [s\src\hotspot\share\interpreter\linkResolver.cpp, line 759]
Event: 4.940 Thread 0x0000025eff72fec0 Exception <a 'sun/nio/fs/WindowsException'{0x000000070ab7de60}> (0x000000070ab7de60) 
thrown [s\src\hotspot\share\prims\jni.cpp, line 516]
Event: 5.252 Thread 0x0000025eff72fec0 Exception <a 'java/lang/IncompatibleClassChangeError'{0x0000000709197738}: Found class java.lang.Object, but interface was expected> (0x0000000709197738) 
thrown [s\src\hotspot\share\interpreter\linkResolver.cpp, line 826]
Event: 5.289 Thread 0x0000025eff72fec0 Exception <a 'java/lang/NoSuchMethodError'{0x0000000708d0d800}: 'java.lang.Object java.lang.invoke.DirectMethodHandle$Holder.invokeStatic(java.lang.Object, java.lang.Object, int, java.lang.Object, java.lang.Object)'> (0x0000000708d0d800) 
thrown [s\src\hotspot\share\interpreter\linkResolver.cpp, line 759]
Event: 5.289 Thread 0x0000025eff72fec0 Exception <a 'java/lang/NoSuchMethodError'{0x0000000708d11100}: 'java.lang.Object java.lang.invoke.DirectMethodHandle$Holder.invokeStaticInit(java.lang.Object, java.lang.Object, int, java.lang.Object, java.lang.Object)'> (0x0000000708d11100) 
thrown [s\src\hotspot\share\interpreter\linkResolver.cpp, line 759]

VM Operations (20 events):
Event: 5.001 Executing VM operation: HandshakeAllThreads done
Event: 5.032 Executing VM operation: HandshakeAllThreads
Event: 5.033 Executing VM operation: HandshakeAllThreads done
Event: 5.054 Executing VM operation: HandshakeAllThreads
Event: 5.054 Executing VM operation: HandshakeAllThreads done
Event: 5.054 Executing VM operation: HandshakeAllThreads
Event: 5.054 Executing VM operation: HandshakeAllThreads done
Event: 5.162 Executing VM operation: HandshakeAllThreads
Event: 5.162 Executing VM operation: HandshakeAllThreads done
Event: 5.162 Executing VM operation: HandshakeAllThreads
Event: 5.162 Executing VM operation: HandshakeAllThreads done
Event: 5.169 Executing VM operation: HandshakeAllThreads
Event: 5.169 Executing VM operation: HandshakeAllThreads done
Event: 5.169 Executing VM operation: HandshakeAllThreads
Event: 5.169 Executing VM operation: HandshakeAllThreads done
Event: 5.228 Executing VM operation: HandshakeAllThreads
Event: 5.228 Executing VM operation: HandshakeAllThreads done
Event: 5.229 Executing VM operation: HandshakeAllThreads
Event: 5.229 Executing VM operation: HandshakeAllThreads done
Event: 5.313 Executing VM operation: G1CollectForAllocation

Memory protections (0 events):
No events

Nmethod flushes (20 events):
Event: 5.171 Thread 0x0000025e993bdae0 flushing  nmethod 0x0000025e89b63610
Event: 5.171 Thread 0x0000025e993bdae0 flushing  nmethod 0x0000025e89bbfd10
Event: 5.171 Thread 0x0000025e993bdae0 flushing  nmethod 0x0000025e89bc8490
Event: 5.171 Thread 0x0000025e993bdae0 flushing  nmethod 0x0000025e89bc9a10
Event: 5.171 Thread 0x0000025e993bdae0 flushing  nmethod 0x0000025e89bd0a10
Event: 5.171 Thread 0x0000025e993bdae0 flushing  nmethod 0x0000025e89c66f10
Event: 5.171 Thread 0x0000025e993bdae0 flushing  nmethod 0x0000025e89ca4710
Event: 5.171 Thread 0x0000025e993bdae0 flushing  nmethod 0x0000025e89cb0f10
Event: 5.171 Thread 0x0000025e993bdae0 flushing  nmethod 0x0000025e89ccda90
Event: 5.171 Thread 0x0000025e993bdae0 flushing  nmethod 0x0000025e89d8f090
Event: 5.171 Thread 0x0000025e993bdae0 flushing  nmethod 0x0000025e89d8f410
Event: 5.172 Thread 0x0000025e993bdae0 flushing  nmethod 0x0000025e89d94290
Event: 5.172 Thread 0x0000025e993bdae0 flushing  nmethod 0x0000025e89dc7410
Event: 5.172 Thread 0x0000025e993bdae0 flushing  nmethod 0x0000025e89dc7d90
Event: 5.172 Thread 0x0000025e993bdae0 flushing  nmethod 0x0000025e89dc9f10
Event: 5.172 Thread 0x0000025e993bdae0 flushing  nmethod 0x0000025e89ec7910
Event: 5.172 Thread 0x0000025e993bdae0 flushing  nmethod 0x0000025e89ed5d90
Event: 5.172 Thread 0x0000025e993bdae0 flushing  nmethod 0x0000025e89edf290
Event: 5.172 Thread 0x0000025e993bdae0 flushing  nmethod 0x0000025e89f26690
Event: 5.172 Thread 0x0000025e993bdae0 flushing  nmethod 0x0000025e8a059e90

Events (20 events):
Event: 3.668 Thread 0x0000025edfcd3600 Thread added: 0x0000025ee3a19ad0
Event: 3.670 Thread 0x0000025ee39bc670 Thread added: 0x0000025ee3a19fe0
Event: 3.671 Thread 0x0000025ee3a19ad0 Thread exited: 0x0000025ee3a19ad0
Event: 3.673 Thread 0x0000025ee369d850 Thread added: 0x0000025ee3a1a4f0
Event: 3.673 Thread 0x0000025ee3a1a4f0 Thread added: 0x0000025ee3a1af10
Event: 3.675 Thread 0x0000025ee3699170 Thread added: 0x0000025ee3a17c70
Event: 3.883 Thread 0x0000025eff72fec0 Thread added: 0x0000025ee3d34a10
Event: 3.884 Thread 0x0000025ee3d34a10 Thread added: 0x0000025ee3d35940
Event: 3.888 Thread 0x0000025eff72fec0 Thread added: 0x0000025ee3d34f20
Event: 4.172 Thread 0x0000025edfcd3600 Thread added: 0x0000025ee3d35e50
Event: 4.175 Thread 0x0000025ee3d35e50 Thread exited: 0x0000025ee3d35e50
Event: 4.250 Thread 0x0000025eff72fec0 Thread added: 0x0000025ee3a19ad0
Event: 4.283 Thread 0x0000025eff72fec0 Thread added: 0x0000025ee3d390f0
Event: 4.283 Thread 0x0000025eff72fec0 Thread added: 0x0000025ee3d39b10
Event: 4.315 Thread 0x0000025ee3d390f0 Thread added: 0x0000025ee8a1d830
Event: 4.698 Thread 0x0000025edfa8ea80 Thread added: 0x0000025ee8a205c0
Event: 4.699 Thread 0x0000025ee8a205c0 Thread added: 0x0000025ee8a1e760
Event: 4.703 Thread 0x0000025ee8a1e760 Thread exited: 0x0000025ee8a1e760
Event: 5.205 Thread 0x0000025ee8a205c0 Thread added: 0x0000025ee91a4380
Event: 5.207 Thread 0x0000025ee91a4380 Thread exited: 0x0000025ee91a4380


Dynamic libraries:
0x00007ff635730000 - 0x00007ff63573e000 	C:\Users\20866\.jdks\corretto-17.0.13\bin\java.exe
0x00007ffec7170000 - 0x00007ffec7387000 	C:\WINDOWS\SYSTEM32\ntdll.dll
0x00007ffec5640000 - 0x00007ffec5704000 	C:\WINDOWS\System32\KERNEL32.DLL
0x00007ffec4360000 - 0x00007ffec4733000 	C:\WINDOWS\System32\KERNELBASE.dll
0x00007ffebe820000 - 0x00007ffebe8b7000 	C:\WINDOWS\SYSTEM32\apphelp.dll
0x00007ffec4860000 - 0x00007ffec4971000 	C:\WINDOWS\System32\ucrtbase.dll
0x00007ffebdbf0000 - 0x00007ffebdc07000 	C:\Users\20866\.jdks\corretto-17.0.13\bin\jli.dll
0x00007ffec6f30000 - 0x00007ffec70e1000 	C:\WINDOWS\System32\USER32.dll
0x00007ffeae3d0000 - 0x00007ffeae3eb000 	C:\Users\20866\.jdks\corretto-17.0.13\bin\VCRUNTIME140.dll
0x00007ffec4740000 - 0x00007ffec4766000 	C:\WINDOWS\System32\win32u.dll
0x00007ffeb4ce0000 - 0x00007ffeb4f7b000 	C:\WINDOWS\WinSxS\amd64_microsoft.windows.common-controls_6595b64144ccf1df_6.0.22621.5262_none_2712bde373830908\COMCTL32.dll
0x00007ffec66e0000 - 0x00007ffec6709000 	C:\WINDOWS\System32\GDI32.dll
0x00007ffec4c30000 - 0x00007ffec4d52000 	C:\WINDOWS\System32\gdi32full.dll
0x00007ffec5a80000 - 0x00007ffec5b27000 	C:\WINDOWS\System32\msvcrt.dll
0x00007ffec4d60000 - 0x00007ffec4dfa000 	C:\WINDOWS\System32\msvcp_win.dll
0x00007ffec70f0000 - 0x00007ffec7121000 	C:\WINDOWS\System32\IMM32.DLL
0x00007ffea1dd0000 - 0x00007ffea1ddc000 	C:\Users\20866\.jdks\corretto-17.0.13\bin\vcruntime140_1.dll
0x00007ffe90980000 - 0x00007ffe90a0d000 	C:\Users\20866\.jdks\corretto-17.0.13\bin\msvcp140.dll
0x00007ffe2d690000 - 0x00007ffe2e2fc000 	C:\Users\20866\.jdks\corretto-17.0.13\bin\server\jvm.dll
0x00007ffec6570000 - 0x00007ffec6621000 	C:\WINDOWS\System32\ADVAPI32.dll
0x00007ffec4ff0000 - 0x00007ffec5097000 	C:\WINDOWS\System32\sechost.dll
0x00007ffec4830000 - 0x00007ffec4858000 	C:\WINDOWS\System32\bcrypt.dll
0x00007ffec5520000 - 0x00007ffec5634000 	C:\WINDOWS\System32\RPCRT4.dll
0x00007ffec68c0000 - 0x00007ffec6931000 	C:\WINDOWS\System32\WS2_32.dll
0x00007ffec30b0000 - 0x00007ffec30fd000 	C:\WINDOWS\SYSTEM32\POWRPROF.dll
0x00007ffebdb90000 - 0x00007ffebdbc4000 	C:\WINDOWS\SYSTEM32\WINMM.dll
0x00007ffeb9e00000 - 0x00007ffeb9e0a000 	C:\WINDOWS\SYSTEM32\VERSION.dll
0x00007ffec3090000 - 0x00007ffec30a3000 	C:\WINDOWS\SYSTEM32\UMPDC.dll
0x00007ffec3350000 - 0x00007ffec3368000 	C:\WINDOWS\SYSTEM32\kernel.appcore.dll
0x00007ffea1dc0000 - 0x00007ffea1dca000 	C:\Users\20866\.jdks\corretto-17.0.13\bin\jimage.dll
0x00007ffec1b90000 - 0x00007ffec1dc2000 	C:\WINDOWS\SYSTEM32\DBGHELP.DLL
0x00007ffec6940000 - 0x00007ffec6cd3000 	C:\WINDOWS\System32\combase.dll
0x00007ffec4f10000 - 0x00007ffec4fe7000 	C:\WINDOWS\System32\OLEAUT32.dll
0x00007ffeb9580000 - 0x00007ffeb95b2000 	C:\WINDOWS\SYSTEM32\dbgcore.DLL
0x00007ffec4260000 - 0x00007ffec42db000 	C:\WINDOWS\System32\bcryptPrimitives.dll
0x00007ffe98db0000 - 0x00007ffe98deb000 	C:\Users\20866\.jdks\corretto-17.0.13\bin\jdwp.dll
0x00007ffe32aa0000 - 0x00007ffe32cae000 	C:\Users\20866\AppData\Local\Temp\idea_libasyncProfiler_dll_temp_folder7\libasyncProfiler.dll
0x00007ffe9b340000 - 0x00007ffe9b34e000 	C:\Users\20866\.jdks\corretto-17.0.13\bin\instrument.dll
0x00007ffe99070000 - 0x00007ffe99095000 	C:\Users\20866\.jdks\corretto-17.0.13\bin\java.dll
0x00007ffe996a0000 - 0x00007ffe996b8000 	C:\Users\20866\.jdks\corretto-17.0.13\bin\zip.dll
0x00007ffe45840000 - 0x00007ffe45917000 	C:\Users\20866\.jdks\corretto-17.0.13\bin\jsvml.dll
0x00007ffec5cd0000 - 0x00007ffec656d000 	C:\WINDOWS\System32\SHELL32.dll
0x00007ffec4980000 - 0x00007ffec4abf000 	C:\WINDOWS\System32\wintypes.dll
0x00007ffec2160000 - 0x00007ffec2a7d000 	C:\WINDOWS\SYSTEM32\windows.storage.dll
0x00007ffec5b50000 - 0x00007ffec5c5b000 	C:\WINDOWS\System32\SHCORE.dll
0x00007ffec5c60000 - 0x00007ffec5cc6000 	C:\WINDOWS\System32\shlwapi.dll
0x00007ffec4190000 - 0x00007ffec41bb000 	C:\WINDOWS\SYSTEM32\profapi.dll
0x00007ffe99060000 - 0x00007ffe9906c000 	C:\Users\20866\.jdks\corretto-17.0.13\bin\dt_socket.dll
0x00007ffec2d50000 - 0x00007ffec2d7d000 	C:\WINDOWS\SYSTEM32\IPHLPAPI.DLL
0x00007ffec37c0000 - 0x00007ffec382a000 	C:\WINDOWS\system32\mswsock.dll
0x00007ffea1da0000 - 0x00007ffea1db9000 	C:\Users\20866\.jdks\corretto-17.0.13\bin\net.dll
0x00007ffebfdc0000 - 0x00007ffebfeec000 	C:\WINDOWS\SYSTEM32\WINHTTP.dll
0x00007ffe9e030000 - 0x00007ffe9e046000 	C:\Users\20866\.jdks\corretto-17.0.13\bin\nio.dll
0x00007ffec2dc0000 - 0x00007ffec2eb8000 	C:\WINDOWS\SYSTEM32\DNSAPI.dll
0x00007ffec5b30000 - 0x00007ffec5b39000 	C:\WINDOWS\System32\NSI.dll
0x00007ffebe6b0000 - 0x00007ffebe6ba000 	C:\Windows\System32\rasadhlp.dll
0x00007ffebe600000 - 0x00007ffebe683000 	C:\WINDOWS\System32\fwpuclnt.dll
0x00007ffe98e40000 - 0x00007ffe98e49000 	C:\Users\20866\.jdks\corretto-17.0.13\bin\management.dll
0x00007ffe98e30000 - 0x00007ffe98e3b000 	C:\Users\20866\.jdks\corretto-17.0.13\bin\management_ext.dll
0x00007ffec5890000 - 0x00007ffec5898000 	C:\WINDOWS\System32\PSAPI.DLL
0x00007ffec3a60000 - 0x00007ffec3a7b000 	C:\WINDOWS\SYSTEM32\CRYPTSP.dll
0x00007ffec32b0000 - 0x00007ffec32e7000 	C:\WINDOWS\system32\rsaenh.dll
0x00007ffec3860000 - 0x00007ffec3888000 	C:\WINDOWS\SYSTEM32\USERENV.dll
0x00007ffec39c0000 - 0x00007ffec39cc000 	C:\WINDOWS\SYSTEM32\CRYPTBASE.dll
0x00007ffebf870000 - 0x00007ffebf889000 	C:\WINDOWS\SYSTEM32\dhcpcsvc6.DLL
0x00007ffebef70000 - 0x00007ffebef8f000 	C:\WINDOWS\SYSTEM32\dhcpcsvc.DLL
0x00007ffe9b670000 - 0x00007ffe9b687000 	C:\WINDOWS\system32\napinsp.dll
0x00007ffe9b650000 - 0x00007ffe9b66b000 	C:\WINDOWS\system32\pnrpnsp.dll
0x00007ffe9b2e0000 - 0x00007ffe9b301000 	C:\WINDOWS\system32\nlansp_c.dll
0x00007ffe9b2c0000 - 0x00007ffe9b2d1000 	C:\WINDOWS\System32\winrnr.dll
0x00007ffebda20000 - 0x00007ffebda3f000 	C:\WINDOWS\system32\wshbth.dll
0x00007ffe99050000 - 0x00007ffe99059000 	C:\Users\20866\.jdks\corretto-17.0.13\bin\extnet.dll
0x00007ffe98da0000 - 0x00007ffe98db0000 	C:\Users\20866\.jdks\corretto-17.0.13\bin\verify.dll
0x00007ffe99a50000 - 0x00007ffe99a5e000 	C:\Users\20866\.jdks\corretto-17.0.13\bin\sunmscapi.dll
0x00007ffec4ac0000 - 0x00007ffec4c27000 	C:\WINDOWS\System32\CRYPT32.dll
0x00007ffec3c00000 - 0x00007ffec3c2d000 	C:\WINDOWS\SYSTEM32\ncrypt.dll
0x00007ffec3bc0000 - 0x00007ffec3bf7000 	C:\WINDOWS\SYSTEM32\NTASN1.dll
0x00007ffe8a700000 - 0x00007ffe8a708000 	C:\WINDOWS\system32\wshunix.dll

dbghelp: loaded successfully - version: 4.0.5 - missing functions: none
symbol engine: initialized successfully - sym options: 0x614 - pdb path: .;C:\Users\20866\.jdks\corretto-17.0.13\bin;C:\WINDOWS\SYSTEM32;C:\WINDOWS\WinSxS\amd64_microsoft.windows.common-controls_6595b64144ccf1df_6.0.22621.5262_none_2712bde373830908;C:\Users\20866\.jdks\corretto-17.0.13\bin\server;C:\Users\20866\AppData\Local\Temp\idea_libasyncProfiler_dll_temp_folder7

VM Arguments:
jvm_args: -agentlib:jdwp=transport=dt_socket,address=127.0.0.1:59844,suspend=y,server=n -agentpath:C:\Users\20866\AppData\Local\Temp\idea_libasyncProfiler_dll_temp_folder7\libasyncProfiler.dll=version,jfr,event=wall,interval=10ms,cstack=no,file=C:\Users\20866\IdeaSnapshots\XunZhiAdminApplication_2025_07_14_103513.jfr,dbghelppath=C:\Users\20866\AppData\Local\Temp\idea_dbghelp_dll_temp_folder\dbghelp.dll,log=C:\Users\20866\AppData\Local\Temp\XunZhiAdminApplication_2025_07_14_103513.jfr.log.txt,logLevel=DEBUG -XX:TieredStopAtLevel=1 -Dspring.output.ansi.enabled=always -Dcom.sun.management.jmxremote -Dspring.jmx.enabled=true -Dspring.liveBeansView.mbeanDomain -Dspring.application.admin.enabled=true -Dmanagement.endpoints.jmx.exposure.include=* -javaagent:C:\Users\20866\AppData\Local\JetBrains\IntelliJIdea2024.3\captureAgent\debugger-agent.jar -Dkotlinx.coroutines.debug.enable.creation.stack.trace=false -Ddebugger.agent.enable.coroutines=true -Dkotlinx.coroutines.debug.enable.flows.stack.trace=true -Dkotlinx.coroutines.debug.enable.mutable.state.flows.stack.trace=true -Dfile.encoding=UTF-8 
java_command: com.hewei.hzyjy.xunzhi.XunZhiAdminApplication
java_class_path (initial): C:\Users\20866\AppData\Local\Temp\classpath1390889789.jar
Launcher Type: SUN_STANDARD

[Global flags]
     intx CICompilerCount                          = 12                                        {product} {ergonomic}
     uint ConcGCThreads                            = 4                                         {product} {ergonomic}
     uint G1ConcRefinementThreads                  = 15                                        {product} {ergonomic}
   size_t G1HeapRegionSize                         = 2097152                                   {product} {ergonomic}
    uintx GCDrainStackTargetSize                   = 64                                        {product} {ergonomic}
   size_t InitialHeapSize                          = 266338304                                 {product} {ergonomic}
     bool ManagementServer                         = true                                      {product} {command line}
   size_t MarkStackSize                            = 4194304                                   {product} {ergonomic}
   size_t MaxHeapSize                              = 4229955584                                {product} {ergonomic}
   size_t MaxNewSize                               = 2537553920                                {product} {ergonomic}
   size_t MinHeapDeltaBytes                        = 2097152                                   {product} {ergonomic}
   size_t MinHeapSize                              = 8388608                                   {product} {ergonomic}
    uintx NonProfiledCodeHeapSize                  = 0                                      {pd product} {ergonomic}
     bool ProfileInterpreter                       = false                                  {pd product} {command line}
    uintx ProfiledCodeHeapSize                     = 0                                      {pd product} {ergonomic}
   size_t SoftMaxHeapSize                          = 4229955584                             {manageable} {ergonomic}
     intx TieredStopAtLevel                        = 1                                         {product} {command line}
     bool UseCompressedClassPointers               = true                           {product lp64_product} {ergonomic}
     bool UseCompressedOops                        = true                           {product lp64_product} {ergonomic}
     bool UseG1GC                                  = true                                      {product} {ergonomic}
     bool UseLargePagesIndividualAllocation        = false                                  {pd product} {ergonomic}

Logging:
Log output configuration:
 #0: stdout all=warning uptime,level,tags
 #1: stderr all=off uptime,level,tags

Environment Variables:
JAVA_HOME=C:\Users\20866\.jdks\corretto-17.0.13
PATH=xuliji\bin\;C:\Windows\system32;C:\Windows;C:\Windows\System32\Wbem;C:\Windows\System32\WindowsPowerShell\v1.0\;C:\Windows\System32\OpenSSH\;C:\Program Files (x86)\NVIDIA Corporation\PhysX\Common;C:\WINDOWS\system32;C:\WINDOWS;C:\WINDOWS\System32\Wbem;C:\WINDOWS\System32\WindowsPowerShell\v1.0\;C:\WINDOWS\System32\OpenSSH\;C:\Program Files\MySQL\MySQL Server 8.0\bin;Git\cmd;C:\Program Files\NVIDIA Corporation\NVIDIA app\NvDLISR;C:\Users\20866\.jdks\corretto-17.0.13;D:\node-v16.20.1-win-x86\node.exe;D:\Git\bin;Windows Kits\10\Windows Performance Toolkit\;D:\Bandizip\;D:\Xshell 8\;D:\Xftp 8\;D:\nodejs\;D:\MongoDB\bin;C:\Users\20866\AppData\Local\Programs\Python\Python312\Scripts\;C:\Users\20866\AppData\Local\Programs\Python\Python312\;C:\Users\20866\AppData\Local\Programs\Python\Python313\Scripts\;C:\Users\20866\AppData\Local\Programs\Python\Python313\;C:\Users\20866\AppData\Local\Microsoft\WindowsApps;WebStorm 2024.3.1.1\bin;IntelliJ IDEA 2024.3.1.1\bin;Microsoft VS Code\bin;C:\MinGW\mingw64\bin;D:\nvm;C:\Program Files\nodejs;D:\Microsoft VS Code\bin;D:\PyCharm 2025.1\bin;C:\Users\20866\AppData\Roaming\npm
USERNAME=20866
OS=Windows_NT
PROCESSOR_IDENTIFIER=Intel64 Family 6 Model 154 Stepping 3, GenuineIntel
TMP=C:\Users\20866\AppData\Local\Temp
TEMP=C:\Users\20866\AppData\Local\Temp



Periodic native trim disabled


---------------  S Y S T E M  ---------------

OS:
 Windows 11 , 64 bit Build 22621 (10.0.22621.5262)
OS uptime: 0 days 1:54 hours
Hyper-V role detected

CPU: total 20 (initial active 20) (10 cores per cpu, 2 threads per core) family 6 model 154 stepping 3 microcode 0x419, cx8, cmov, fxsr, ht, mmx, 3dnowpref, sse, sse2, sse3, ssse3, sse4.1, sse4.2, popcnt, lzcnt, tsc, tscinvbit, avx, avx2, aes, erms, clmul, bmi1, bmi2, adx, sha, fma, vzeroupper, clflush, clflushopt, clwb, hv
Processor Information for processor 0
  Max Mhz: 2300, Current Mhz: 1506, Mhz Limit: 2300
Processor Information for processor 1
  Max Mhz: 2300, Current Mhz: 1506, Mhz Limit: 2300
Processor Information for processor 2
  Max Mhz: 2300, Current Mhz: 1506, Mhz Limit: 2300
Processor Information for processor 3
  Max Mhz: 2300, Current Mhz: 2300, Mhz Limit: 2300
Processor Information for processor 4
  Max Mhz: 2300, Current Mhz: 2300, Mhz Limit: 2300
Processor Information for processor 5
  Max Mhz: 2300, Current Mhz: 2300, Mhz Limit: 2300
Processor Information for processor 6
  Max Mhz: 2300, Current Mhz: 2300, Mhz Limit: 2300
Processor Information for processor 7
  Max Mhz: 2300, Current Mhz: 2300, Mhz Limit: 2300
Processor Information for processor 8
  Max Mhz: 2300, Current Mhz: 2300, Mhz Limit: 2300
Processor Information for processor 9
  Max Mhz: 2300, Current Mhz: 2300, Mhz Limit: 2300
Processor Information for processor 10
  Max Mhz: 2300, Current Mhz: 1506, Mhz Limit: 2300
Processor Information for processor 11
  Max Mhz: 2300, Current Mhz: 2300, Mhz Limit: 2300
Processor Information for processor 12
  Max Mhz: 2300, Current Mhz: 1500, Mhz Limit: 1679
Processor Information for processor 13
  Max Mhz: 2300, Current Mhz: 1700, Mhz Limit: 1679
Processor Information for processor 14
  Max Mhz: 2300, Current Mhz: 1500, Mhz Limit: 1679
Processor Information for processor 15
  Max Mhz: 2300, Current Mhz: 1500, Mhz Limit: 1679
Processor Information for processor 16
  Max Mhz: 2300, Current Mhz: 1500, Mhz Limit: 1679
Processor Information for processor 17
  Max Mhz: 2300, Current Mhz: 1700, Mhz Limit: 1679
Processor Information for processor 18
  Max Mhz: 2300, Current Mhz: 1700, Mhz Limit: 1679
Processor Information for processor 19
  Max Mhz: 2300, Current Mhz: 1700, Mhz Limit: 1679

Memory: 4k page, system-wide physical 16128M (1297M free)
TotalPageFile size 28928M (AvailPageFile size 5M)
current process WorkingSet (physical memory assigned to process): 414M, peak: 414M
current process commit charge ("private bytes"): 486M, peak: 510M

vm_info: OpenJDK 64-Bit Server VM (17.0.13+11-LTS) for windows-amd64 JRE (17.0.13+11-LTS), built on Oct 10 2024 19:51:30 by "Administrator" with MS VC++ 16.10 / 16.11 (VS2019)

END.
