#
# There is insufficient memory for the Java Runtime Environment to continue.
# Native memory allocation (mmap) failed to map 134217728 bytes. Error detail: G1 virtual space
# Possible reasons:
#   The system is out of physical RAM or swap space
#   This process is running with CompressedOops enabled, and the Java Heap may be blocking the growth of the native heap
# Possible solutions:
#   Reduce memory load on the system
#   Increase physical memory or swap space
#   Check if swap backing store is full
#   Decrease Java heap size (-Xmx/-Xms)
#   Decrease number of Java threads
#   Decrease Java thread stack sizes (-Xss)
#   Set larger code cache with -XX:ReservedCodeCacheSize=
#   JVM is running with Unscaled Compressed Oops mode in which the Java heap is
#     placed in the first 4GB address space. The Java Heap base address is the
#     maximum limit for the native heap growth. Please use -XX:HeapBaseMinAddress
#     to set the Java Heap base and to place the Java Heap above 4GB virtual address.
# This output file may be truncated or incomplete.
#
#  Out of Memory Error (os_windows.cpp:3828), pid=22888, tid=9756
#
# JRE version:  (21.0.5+8) (build )
# Java VM: OpenJDK 64-Bit Server VM (21.0.5+8-b631.28, mixed mode, sharing, tiered, compressed oops, compressed class ptrs, g1 gc, windows-amd64)
# No core dump will be written. Minidumps are not enabled by default on client versions of Windows
#

---------------  S U M M A R Y ------------

Command Line: -Djava.rmi.server.hostname=127.0.0.1 -Duser.timezone=UTC -Xmx2048m -Xms128m -Djdbc.classpath=C:\Users\20866\AppData\Local\Temp\RemoteDriver.classpath.txt --add-exports=java.desktop/sun.awt=ALL-UNNAMED --add-exports=java.desktop/java.awt.peer=ALL-UNNAMED --add-opens=java.desktop/java.awt=ALL-UNNAMED --add-opens=jdk.unsupported/sun.misc=ALL-UNNAMED --add-opens=java.base/java.nio=ALL-UNNAMED --add-opens=java.base/java.util=ALL-UNNAMED -Dfile.encoding=UTF-8 -Dsun.stdout.encoding=UTF-8 -Dsun.stderr.encoding=UTF-8 com.intellij.database.remote.RemoteJdbcServer com.mysql.cj.jdbc.Driver

Host: 12th Gen Intel(R) Core(TM) i7-12700H, 20 cores, 15G,  Windows 11 , 64 bit Build 22621 (10.0.22621.5262)
Time: Mon Jun  2 11:47:09 2025  Windows 11 , 64 bit Build 22621 (10.0.22621.5262) elapsed time: 0.016347 seconds (0d 0h 0m 0s)

---------------  T H R E A D  ---------------

Current thread (0x0000017ce7caf630):  JavaThread "Unknown thread" [_thread_in_vm, id=9756, stack(0x0000007b65200000,0x0000007b65300000) (1024K)]

Stack: [0x0000007b65200000,0x0000007b65300000]
Native frames: (J=compiled Java code, j=interpreted, Vv=VM code, C=native code)
V  [jvm.dll+0x6e52b9]
V  [jvm.dll+0x8c3633]
V  [jvm.dll+0x8c5b8e]
V  [jvm.dll+0x8c6273]
V  [jvm.dll+0x288f46]
V  [jvm.dll+0x6e1a35]
V  [jvm.dll+0x6d5e3a]
V  [jvm.dll+0x3634bb]
V  [jvm.dll+0x36b086]
V  [jvm.dll+0x3bd346]
V  [jvm.dll+0x3bd618]
V  [jvm.dll+0x335c2c]
V  [jvm.dll+0x33691b]
V  [jvm.dll+0x88aa89]
V  [jvm.dll+0x3ca518]
V  [jvm.dll+0x873b98]
V  [jvm.dll+0x45eede]
V  [jvm.dll+0x460bc1]
C  [jli.dll+0x52ab]
C  [ucrtbase.dll+0x29333]
C  [KERNEL32.DLL+0x1259d]
C  [ntdll.dll+0x5af58]


---------------  P R O C E S S  ---------------

Threads class SMR info:
_java_thread_list=0x00007ff94322a148, length=0, elements={
}

Java Threads: ( => current thread )
Total: 0

Other Threads:
  0x0000017ce7d09080 WorkerThread "GC Thread#0"                     [id=28984, stack(0x0000007b65300000,0x0000007b65400000) (1024K)]
  0x0000017ce7d1a210 ConcurrentGCThread "G1 Main Marker"            [id=32936, stack(0x0000007b65400000,0x0000007b65500000) (1024K)]
  0x0000017ce7d1b4b0 WorkerThread "G1 Conc#0"                       [id=31648, stack(0x0000007b65500000,0x0000007b65600000) (1024K)]

[error occurred during error reporting (printing all threads), id 0xc0000005, EXCEPTION_ACCESS_VIOLATION (0xc0000005) at pc=0x00007ff942918ce7]
VM state: not at safepoint (not fully initialized)

VM Mutex/Monitor currently owned by a thread:  ([mutex/lock_event])
[0x00007ff94329eb30] Heap_lock - owner thread: 0x0000017ce7caf630

Heap address: 0x0000000080000000, size: 2048 MB, Compressed Oops mode: 32-bit

CDS archive(s) mapped at: [0x0000000000000000-0x0000000000000000-0x0000000000000000), size 0, SharedBaseAddress: 0x0000000800000000, ArchiveRelocationMode: 1.
Narrow klass base: 0x0000000000000000, Narrow klass shift: 0, Narrow klass range: 0x0

GC Precious Log:
 CardTable entry size: 512
 Card Set container configuration: InlinePtr #cards 5 size 8 Array Of Cards #cards 12 size 40 Howl #buckets 4 coarsen threshold 1843 Howl Bitmap #cards 512 size 80 coarsen threshold 460 Card regions per heap region 1 cards per card region 2048

Heap:
 garbage-first heap   total 0K, used 0K [0x0000000080000000, 0x0000000100000000)
  region size 1024K, 0 young (0K), 0 survivors (0K)
 Metaspace       used 0K, committed 0K, reserved 0K
  class space    used 0K, committed 0K, reserved 0K

Heap Regions: E=young(eden), S=young(survivor), O=old, HS=humongous(starts), HC=humongous(continues), CS=collection set, F=free, TAMS=top-at-mark-start, PB=parsable bottom

Card table byte_map: [0x0000017cfbb00000,0x0000017cfbf00000] _byte_map_base: 0x0000017cfb700000

Marking Bits: (CMBitMap*) 0x0000017ce7d09780
 Bits: [0x0000017cfbf00000, 0x0000017cfdf00000)

GC Heap History (0 events):
No events

Dll operation events (1 events):
Event: 0.010 Loaded shared library D:\IntelliJ IDEA 2024.3.1.1\jbr\bin\java.dll

Deoptimization events (0 events):
No events

Classes loaded (0 events):
No events

Classes unloaded (0 events):
No events

Classes redefined (0 events):
No events

Internal exceptions (0 events):
No events

ZGC Phase Switch (0 events):
No events

VM Operations (0 events):
No events

Memory protections (0 events):
No events

Nmethod flushes (0 events):
No events

Events (0 events):
No events


Dynamic libraries:
0x00007ff64fd50000 - 0x00007ff64fd5a000 	D:\IntelliJ IDEA 2024.3.1.1\jbr\bin\java.exe
0x00007ff9f0990000 - 0x00007ff9f0ba7000 	C:\WINDOWS\SYSTEM32\ntdll.dll
0x00007ff9efc80000 - 0x00007ff9efd44000 	C:\WINDOWS\System32\KERNEL32.DLL
0x00007ff9edd40000 - 0x00007ff9ee113000 	C:\WINDOWS\System32\KERNELBASE.dll
0x00007ff9ee3d0000 - 0x00007ff9ee4e1000 	C:\WINDOWS\System32\ucrtbase.dll
0x00007ff9e8270000 - 0x00007ff9e828b000 	D:\IntelliJ IDEA 2024.3.1.1\jbr\bin\VCRUNTIME140.dll
0x00007ff9e70e0000 - 0x00007ff9e70f8000 	D:\IntelliJ IDEA 2024.3.1.1\jbr\bin\jli.dll
0x00007ff9f0220000 - 0x00007ff9f03d1000 	C:\WINDOWS\System32\USER32.dll
0x00007ff9eda80000 - 0x00007ff9edaa6000 	C:\WINDOWS\System32\win32u.dll
0x00007ff9ef760000 - 0x00007ff9ef789000 	C:\WINDOWS\System32\GDI32.dll
0x00007ff9ee4f0000 - 0x00007ff9ee612000 	C:\WINDOWS\System32\gdi32full.dll
0x00007ff9edae0000 - 0x00007ff9edb7a000 	C:\WINDOWS\System32\msvcp_win.dll
0x00007ff9cb700000 - 0x00007ff9cb99b000 	C:\WINDOWS\WinSxS\amd64_microsoft.windows.common-controls_6595b64144ccf1df_6.0.22621.5262_none_2712bde373830908\COMCTL32.dll
0x00007ff9f0730000 - 0x00007ff9f07d7000 	C:\WINDOWS\System32\msvcrt.dll
0x00007ff9efd50000 - 0x00007ff9efd81000 	C:\WINDOWS\System32\IMM32.DLL
0x00007ff9e8210000 - 0x00007ff9e821c000 	D:\IntelliJ IDEA 2024.3.1.1\jbr\bin\vcruntime140_1.dll
0x00007ff9c8d00000 - 0x00007ff9c8d8d000 	D:\IntelliJ IDEA 2024.3.1.1\jbr\bin\msvcp140.dll
0x00007ff9425d0000 - 0x00007ff943391000 	D:\IntelliJ IDEA 2024.3.1.1\jbr\bin\server\jvm.dll
0x00007ff9f03e0000 - 0x00007ff9f0491000 	C:\WINDOWS\System32\ADVAPI32.dll
0x00007ff9ee750000 - 0x00007ff9ee7f7000 	C:\WINDOWS\System32\sechost.dll
0x00007ff9edab0000 - 0x00007ff9edad8000 	C:\WINDOWS\System32\bcrypt.dll
0x00007ff9ee620000 - 0x00007ff9ee734000 	C:\WINDOWS\System32\RPCRT4.dll
0x00007ff9ef950000 - 0x00007ff9ef9c1000 	C:\WINDOWS\System32\WS2_32.dll
0x00007ff9e56a0000 - 0x00007ff9e56d4000 	C:\WINDOWS\SYSTEM32\WINMM.dll
0x00007ff9ec8d0000 - 0x00007ff9ec91d000 	C:\WINDOWS\SYSTEM32\POWRPROF.dll
0x00007ff9e4530000 - 0x00007ff9e453a000 	C:\WINDOWS\SYSTEM32\VERSION.dll
0x00007ff9ec8b0000 - 0x00007ff9ec8c3000 	C:\WINDOWS\SYSTEM32\UMPDC.dll
0x00007ff9ecb70000 - 0x00007ff9ecb88000 	C:\WINDOWS\SYSTEM32\kernel.appcore.dll
0x00007ff9e7120000 - 0x00007ff9e712a000 	D:\IntelliJ IDEA 2024.3.1.1\jbr\bin\jimage.dll
0x00007ff9eb350000 - 0x00007ff9eb582000 	C:\WINDOWS\SYSTEM32\DBGHELP.DLL
0x00007ff9efe70000 - 0x00007ff9f0203000 	C:\WINDOWS\System32\combase.dll
0x00007ff9f0650000 - 0x00007ff9f0727000 	C:\WINDOWS\System32\OLEAUT32.dll
0x00007ff9e2ec0000 - 0x00007ff9e2ef2000 	C:\WINDOWS\SYSTEM32\dbgcore.DLL
0x00007ff9edcc0000 - 0x00007ff9edd3b000 	C:\WINDOWS\System32\bcryptPrimitives.dll
0x00007ff9de360000 - 0x00007ff9de380000 	D:\IntelliJ IDEA 2024.3.1.1\jbr\bin\java.dll

dbghelp: loaded successfully - version: 4.0.5 - missing functions: none
symbol engine: initialized successfully - sym options: 0x614 - pdb path: .;D:\IntelliJ IDEA 2024.3.1.1\jbr\bin;C:\WINDOWS\SYSTEM32;C:\WINDOWS\WinSxS\amd64_microsoft.windows.common-controls_6595b64144ccf1df_6.0.22621.5262_none_2712bde373830908;D:\IntelliJ IDEA 2024.3.1.1\jbr\bin\server

VM Arguments:
jvm_args: -Djava.rmi.server.hostname=127.0.0.1 -Duser.timezone=UTC -Xmx2048m -Xms128m -Djdbc.classpath=C:\Users\20866\AppData\Local\Temp\RemoteDriver.classpath.txt --add-exports=java.desktop/sun.awt=ALL-UNNAMED --add-exports=java.desktop/java.awt.peer=ALL-UNNAMED --add-opens=java.desktop/java.awt=ALL-UNNAMED --add-opens=jdk.unsupported/sun.misc=ALL-UNNAMED --add-opens=java.base/java.nio=ALL-UNNAMED --add-opens=java.base/java.util=ALL-UNNAMED -Dfile.encoding=UTF-8 -Dsun.stdout.encoding=UTF-8 -Dsun.stderr.encoding=UTF-8 
java_command: com.intellij.database.remote.RemoteJdbcServer com.mysql.cj.jdbc.Driver
java_class_path (initial): D:\IntelliJ IDEA 2024.3.1.1\lib\util_rt.jar;D:\IntelliJ IDEA 2024.3.1.1\lib\util-8.jar;D:\IntelliJ IDEA 2024.3.1.1\lib\groovy.jar;D:\IntelliJ IDEA 2024.3.1.1\plugins\DatabaseTools\lib\jdbc-console.jar;D:\IntelliJ IDEA 2024.3.1.1\plugins\grid-core-impl\lib\jdbc-console-types.jar;D:\IntelliJ IDEA 2024.3.1.1\lib\util.jar;D:\IntelliJ IDEA 2024.3.1.1\lib\bouncy-castle.jar
Launcher Type: SUN_STANDARD

[Global flags]
     intx CICompilerCount                          = 12                                        {product} {ergonomic}
     uint ConcGCThreads                            = 4                                         {product} {ergonomic}
     uint G1ConcRefinementThreads                  = 15                                        {product} {ergonomic}
   size_t G1HeapRegionSize                         = 1048576                                   {product} {ergonomic}
    uintx GCDrainStackTargetSize                   = 64                                        {product} {ergonomic}
   size_t InitialHeapSize                          = 134217728                                 {product} {command line}
   size_t MarkStackSize                            = 4194304                                   {product} {ergonomic}
   size_t MaxHeapSize                              = 2147483648                                {product} {command line}
   size_t MinHeapDeltaBytes                        = 1048576                                   {product} {ergonomic}
   size_t MinHeapSize                              = 134217728                                 {product} {command line}
    uintx NonNMethodCodeHeapSize                   = 7602480                                {pd product} {ergonomic}
    uintx NonProfiledCodeHeapSize                  = 122027880                              {pd product} {ergonomic}
    uintx ProfiledCodeHeapSize                     = 122027880                              {pd product} {ergonomic}
    uintx ReservedCodeCacheSize                    = 251658240                              {pd product} {ergonomic}
     bool SegmentedCodeCache                       = true                                      {product} {ergonomic}
   size_t SoftMaxHeapSize                          = 2147483648                             {manageable} {ergonomic}
     bool UseCompressedOops                        = true                           {product lp64_product} {ergonomic}
     bool UseG1GC                                  = true                                      {product} {ergonomic}
     bool UseLargePagesIndividualAllocation        = false                                  {pd product} {ergonomic}

Logging:
Log output configuration:
 #0: stdout all=warning uptime,level,tags foldmultilines=false
 #1: stderr all=off uptime,level,tags foldmultilines=false

Environment Variables:
JAVA_HOME=C:\Users\20866\.jdks\corretto-17.0.13
PATH=xuliji\bin\;C:\Windows\system32;C:\Windows;C:\Windows\System32\Wbem;C:\Windows\System32\WindowsPowerShell\v1.0\;C:\Windows\System32\OpenSSH\;C:\Program Files (x86)\NVIDIA Corporation\PhysX\Common;C:\WINDOWS\system32;C:\WINDOWS;C:\WINDOWS\System32\Wbem;C:\WINDOWS\System32\WindowsPowerShell\v1.0\;C:\WINDOWS\System32\OpenSSH\;C:\Program Files\MySQL\MySQL Server 8.0\bin;Git\cmd;C:\Program Files\NVIDIA Corporation\NVIDIA app\NvDLISR;C:\Users\20866\.jdks\corretto-17.0.13;D:\node-v16.20.1-win-x86\node.exe;D:\Git\bin;Windows Kits\10\Windows Performance Toolkit\;D:\Bandizip\;D:\Xshell 8\;D:\Xftp 8\;D:\nodejs\;C:\Users\20866\AppData\Local\Programs\Python\Python312\Scripts\;C:\Users\20866\AppData\Local\Programs\Python\Python312\;C:\Users\20866\AppData\Local\Programs\Python\Python313\Scripts\;C:\Users\20866\AppData\Local\Programs\Python\Python313\;C:\Users\20866\AppData\Local\Microsoft\WindowsApps;WebStorm 2024.3.1.1\bin;IntelliJ IDEA 2024.3.1.1\bin;MySQL\MySQL Server 8.0\bin;C:\WINDOWS\System32\Wbem;Microsoft VS Code\bin;C:\MinGW\mingw64\bin;D:\nvm;C:\Program Files\nodejs;D:\Microsoft VS Code\bin;D:\PyCharm 2025.1\bin;;D:\cursor\resources\app\bin;C:\Users\20866\AppData\Roaming\npm
USERNAME=20866
OS=Windows_NT
PROCESSOR_IDENTIFIER=Intel64 Family 6 Model 154 Stepping 3, GenuineIntel
TMP=C:\Users\20866\AppData\Local\Temp
TEMP=C:\Users\20866\AppData\Local\Temp




Periodic native trim disabled

JNI global refs:
JNI global refs: 0, weak refs: 0

JNI global refs memory usage: 0, weak refs: 0

Process memory usage:
Resident Set Size: 13296K (0% of 16515160K total physical memory with 1994304K free physical memory)

OOME stack traces (most recent first):
Classloader memory used:

---------------  S Y S T E M  ---------------

OS:
 Windows 11 , 64 bit Build 22621 (10.0.22621.5262)
OS uptime: 0 days 3:21 hours
Hyper-V role detected

CPU: total 20 (initial active 20) (10 cores per cpu, 2 threads per core) family 6 model 154 stepping 3 microcode 0x419, cx8, cmov, fxsr, ht, mmx, 3dnowpref, sse, sse2, sse3, ssse3, sse4.1, sse4.2, popcnt, lzcnt, tsc, tscinvbit, avx, avx2, aes, erms, clmul, bmi1, bmi2, adx, sha, fma, vzeroupper, clflush, clflushopt, clwb, hv, serialize, rdtscp, rdpid, fsrm, f16c, cet_ibt, cet_ss
Processor Information for processor 0
  Max Mhz: 2300, Current Mhz: 2300, Mhz Limit: 2300
Processor Information for processor 1
  Max Mhz: 2300, Current Mhz: 2300, Mhz Limit: 2300
Processor Information for processor 2
  Max Mhz: 2300, Current Mhz: 2300, Mhz Limit: 2300
Processor Information for processor 3
  Max Mhz: 2300, Current Mhz: 2300, Mhz Limit: 2300
Processor Information for processor 4
  Max Mhz: 2300, Current Mhz: 2300, Mhz Limit: 2300
Processor Information for processor 5
  Max Mhz: 2300, Current Mhz: 2300, Mhz Limit: 2300
Processor Information for processor 6
  Max Mhz: 2300, Current Mhz: 2300, Mhz Limit: 2300
Processor Information for processor 7
  Max Mhz: 2300, Current Mhz: 2300, Mhz Limit: 2300
Processor Information for processor 8
  Max Mhz: 2300, Current Mhz: 2300, Mhz Limit: 2300
Processor Information for processor 9
  Max Mhz: 2300, Current Mhz: 1506, Mhz Limit: 2300
Processor Information for processor 10
  Max Mhz: 2300, Current Mhz: 2300, Mhz Limit: 2300
Processor Information for processor 11
  Max Mhz: 2300, Current Mhz: 2300, Mhz Limit: 2300
Processor Information for processor 12
  Max Mhz: 2300, Current Mhz: 1700, Mhz Limit: 1679
Processor Information for processor 13
  Max Mhz: 2300, Current Mhz: 1500, Mhz Limit: 1679
Processor Information for processor 14
  Max Mhz: 2300, Current Mhz: 1700, Mhz Limit: 1679
Processor Information for processor 15
  Max Mhz: 2300, Current Mhz: 1700, Mhz Limit: 1679
Processor Information for processor 16
  Max Mhz: 2300, Current Mhz: 1700, Mhz Limit: 1679
Processor Information for processor 17
  Max Mhz: 2300, Current Mhz: 1700, Mhz Limit: 1679
Processor Information for processor 18
  Max Mhz: 2300, Current Mhz: 1700, Mhz Limit: 1679
Processor Information for processor 19
  Max Mhz: 2300, Current Mhz: 1700, Mhz Limit: 1679

Memory: 4k page, system-wide physical 16128M (1947M free)
TotalPageFile size 28928M (AvailPageFile size 59M)
current process WorkingSet (physical memory assigned to process): 13M, peak: 13M
current process commit charge ("private bytes"): 75M, peak: 203M

vm_info: OpenJDK 64-Bit Server VM (21.0.5+8-b631.28) for windows-amd64 JRE (21.0.5+8-b631.28), built on 2024-11-23 by "builduser" with MS VC++ 16.10 / 16.11 (VS2019)

END.
