#
# There is insufficient memory for the Java Runtime Environment to continue.
# Native memory allocation (mmap) failed to map 25165824 bytes. Error detail: G1 virtual space
# Possible reasons:
#   The system is out of physical RAM or swap space
#   This process is running with CompressedOops enabled, and the Java Heap may be blocking the growth of the native heap
# Possible solutions:
#   Reduce memory load on the system
#   Increase physical memory or swap space
#   Check if swap backing store is full
#   Decrease Java heap size (-Xmx/-Xms)
#   Decrease number of Java threads
#   Decrease Java thread stack sizes (-Xss)
#   Set larger code cache with -XX:ReservedCodeCacheSize=
#   JVM is running with Zero Based Compressed Oops mode in which the Java heap is
#     placed in the first 32GB address space. The Java Heap base address is the
#     maximum limit for the native heap growth. Please use -XX:HeapBaseMinAddress
#     to set the Java Heap base and to place the Java Heap above 32GB virtual address.
# This output file may be truncated or incomplete.
#
#  Out of Memory Error (os_windows.cpp:3614), pid=16588, tid=9368
#
# JRE version: OpenJDK Runtime Environment Corretto-17.0.13.11.1 (17.0.13+11) (build 17.0.13+11-LTS)
# Java VM: OpenJDK 64-Bit Server VM Corretto-17.0.13.11.1 (17.0.13+11-LTS, mixed mode, emulated-client, sharing, tiered, compressed oops, compressed class ptrs, g1 gc, windows-amd64)
# No core dump will be written. Minidumps are not enabled by default on client versions of Windows
#

---------------  S U M M A R Y ------------

Command Line: -XX:TieredStopAtLevel=1 -Dspring.output.ansi.enabled=always -Dcom.sun.management.jmxremote -Dspring.jmx.enabled=true -Dspring.liveBeansView.mbeanDomain -Dspring.application.admin.enabled=true -Dmanagement.endpoints.jmx.exposure.include=* -javaagent:D:\IntelliJ IDEA 2024.3.1.1\lib\idea_rt.jar=51032:D:\IntelliJ IDEA 2024.3.1.1\bin -Dfile.encoding=UTF-8 com.nageoffer.shortlink.project.ShortLinkApplication

Host: 12th Gen Intel(R) Core(TM) i7-12700H, 20 cores, 15G,  Windows 11 , 64 bit Build 22621 (10.0.22621.4830)
Time: Sun Mar  9 15:30:10 2025  Windows 11 , 64 bit Build 22621 (10.0.22621.4830) elapsed time: 2.165185 seconds (0d 0h 0m 2s)

---------------  T H R E A D  ---------------

Current thread (0x0000023ead9eeb50):  VMThread "VM Thread" [stack: 0x000000beaab00000,0x000000beaac00000] [id=9368]

Stack: [0x000000beaab00000,0x000000beaac00000]
Native frames: (J=compiled Java code, j=interpreted, Vv=VM code, C=native code)
V  [jvm.dll+0x680c19]
V  [jvm.dll+0x83888a]
V  [jvm.dll+0x83a34e]
V  [jvm.dll+0x83a9b3]
V  [jvm.dll+0x2481af]
V  [jvm.dll+0x67d959]
V  [jvm.dll+0x67242a]
V  [jvm.dll+0x30813b]
V  [jvm.dll+0x30f626]
V  [jvm.dll+0x35f94e]
V  [jvm.dll+0x35fb8f]
V  [jvm.dll+0x2df0ec]
V  [jvm.dll+0x2dd4af]
V  [jvm.dll+0x2dcbdc]
V  [jvm.dll+0x32037b]
V  [jvm.dll+0x83eead]
V  [jvm.dll+0x83fbf2]
V  [jvm.dll+0x84011f]
V  [jvm.dll+0x840504]
V  [jvm.dll+0x8405d0]
V  [jvm.dll+0x7e7b2c]
V  [jvm.dll+0x67fae7]
C  [ucrtbase.dll+0x29333]
C  [KERNEL32.DLL+0x1259d]
C  [ntdll.dll+0x5af38]

VM_Operation (0x000000beaa5fd530): G1CollectForAllocation, mode: safepoint, requested by thread 0x0000023e96083870


---------------  P R O C E S S  ---------------

Threads class SMR info:
_java_thread_list=0x0000023ef535e210, length=18, elements={
0x0000023e96083870, 0x0000023eef017310, 0x0000023eef0180a0, 0x0000023eef0314b0,
0x0000023eef033150, 0x0000023eef036ba0, 0x0000023eef037470, 0x0000023eef03a410,
0x0000023eef03b130, 0x0000023eef09e080, 0x0000023ead9ecd80, 0x0000023ef43a24a0,
0x0000023eefbfd950, 0x0000023ef44c1b90, 0x0000023ef4501bd0, 0x0000023ef450e2a0,
0x0000023ef456e610, 0x0000023ef56a6840
}

Java Threads: ( => current thread )
  0x0000023e96083870 JavaThread "main" [_thread_blocked, id=17600, stack(0x000000beaa500000,0x000000beaa600000)]
  0x0000023eef017310 JavaThread "Reference Handler" daemon [_thread_blocked, id=23792, stack(0x000000beaac00000,0x000000beaad00000)]
  0x0000023eef0180a0 JavaThread "Finalizer" daemon [_thread_blocked, id=22368, stack(0x000000beaad00000,0x000000beaae00000)]
  0x0000023eef0314b0 JavaThread "Signal Dispatcher" daemon [_thread_blocked, id=25572, stack(0x000000beaae00000,0x000000beaaf00000)]
  0x0000023eef033150 JavaThread "Attach Listener" daemon [_thread_blocked, id=23644, stack(0x000000beaaf00000,0x000000beab000000)]
  0x0000023eef036ba0 JavaThread "Service Thread" daemon [_thread_blocked, id=23364, stack(0x000000beab000000,0x000000beab100000)]
  0x0000023eef037470 JavaThread "Monitor Deflation Thread" daemon [_thread_blocked, id=4728, stack(0x000000beab100000,0x000000beab200000)]
  0x0000023eef03a410 JavaThread "C1 CompilerThread0" daemon [_thread_blocked, id=19732, stack(0x000000beab200000,0x000000beab300000)]
  0x0000023eef03b130 JavaThread "Sweeper thread" daemon [_thread_blocked, id=10208, stack(0x000000beab300000,0x000000beab400000)]
  0x0000023eef09e080 JavaThread "C1 CompilerThread1" daemon [_thread_blocked, id=27360, stack(0x000000beab400000,0x000000beab500000)]
  0x0000023ead9ecd80 JavaThread "Common-Cleaner" daemon [_thread_blocked, id=10392, stack(0x000000beab500000,0x000000beab600000)]
  0x0000023ef43a24a0 JavaThread "Monitor Ctrl-Break" daemon [_thread_in_native, id=10652, stack(0x000000beab600000,0x000000beab700000)]
  0x0000023eefbfd950 JavaThread "Notification Thread" daemon [_thread_blocked, id=23828, stack(0x000000beab700000,0x000000beab800000)]
  0x0000023ef44c1b90 JavaThread "RMI TCP Accept-0" daemon [_thread_in_native, id=8092, stack(0x000000beabe00000,0x000000beabf00000)]
  0x0000023ef4501bd0 JavaThread "RMI TCP Connection(1)-10.17.185.20" daemon [_thread_in_native, id=21088, stack(0x000000beac000000,0x000000beac100000)]
  0x0000023ef450e2a0 JavaThread "RMI Scheduler(0)" daemon [_thread_blocked, id=12620, stack(0x000000beac100000,0x000000beac200000)]
  0x0000023ef456e610 JavaThread "JMX server connection timeout 28" daemon [_thread_blocked, id=7524, stack(0x000000beac200000,0x000000beac300000)]
  0x0000023ef56a6840 JavaThread "C1 CompilerThread2" daemon [_thread_blocked, id=16596, stack(0x000000beac600000,0x000000beac700000)]

Other Threads:
=>0x0000023ead9eeb50 VMThread "VM Thread" [stack: 0x000000beaab00000,0x000000beaac00000] [id=9368]
  0x0000023ef44d9a70 WatcherThread [stack: 0x000000beabf00000,0x000000beac000000] [id=1848]
  0x0000023e960ee960 GCTaskThread "GC Thread#0" [stack: 0x000000beaa600000,0x000000beaa700000] [id=7200]
  0x0000023ef443b470 GCTaskThread "GC Thread#1" [stack: 0x000000beab800000,0x000000beab900000] [id=11620]
  0x0000023ef443b730 GCTaskThread "GC Thread#2" [stack: 0x000000beab900000,0x000000beaba00000] [id=15292]
  0x0000023ef443b9f0 GCTaskThread "GC Thread#3" [stack: 0x000000beaba00000,0x000000beabb00000] [id=17252]
  0x0000023ef443fcc0 GCTaskThread "GC Thread#4" [stack: 0x000000beabb00000,0x000000beabc00000] [id=24440]
  0x0000023ef44468b0 GCTaskThread "GC Thread#5" [stack: 0x000000beabc00000,0x000000beabd00000] [id=9552]
  0x0000023ef446a8e0 GCTaskThread "GC Thread#6" [stack: 0x000000beabd00000,0x000000beabe00000] [id=11544]
  0x0000023ef46afc30 GCTaskThread "GC Thread#7" [stack: 0x000000beac300000,0x000000beac400000] [id=6104]
  0x0000023ef46afef0 GCTaskThread "GC Thread#8" [stack: 0x000000beac400000,0x000000beac500000] [id=8792]
  0x0000023ef46b01b0 GCTaskThread "GC Thread#9" [stack: 0x000000beac500000,0x000000beac600000] [id=7720]
  0x0000023ef484ab60 GCTaskThread "GC Thread#10" [stack: 0x000000beac700000,0x000000beac800000] [id=17328]
  0x0000023ef484a5e0 GCTaskThread "GC Thread#11" [stack: 0x000000beac800000,0x000000beac900000] [id=14616]
  0x0000023ef484a8a0 GCTaskThread "GC Thread#12" [stack: 0x000000beac900000,0x000000beaca00000] [id=8956]
  0x0000023ef484b3a0 GCTaskThread "GC Thread#13" [stack: 0x000000beaca00000,0x000000beacb00000] [id=18076]
  0x0000023ef484b920 GCTaskThread "GC Thread#14" [stack: 0x000000beacb00000,0x000000beacc00000] [id=19944]
  0x0000023e93f4deb0 ConcurrentGCThread "G1 Main Marker" [stack: 0x000000beaa700000,0x000000beaa800000] [id=8580]
  0x0000023e93f4e7e0 ConcurrentGCThread "G1 Conc#0" [stack: 0x000000beaa800000,0x000000beaa900000] [id=21604]
  0x0000023ef484a320 ConcurrentGCThread "G1 Conc#1" [stack: 0x000000beacc00000,0x000000beacd00000] [id=5988]
  0x0000023ef484ae20 ConcurrentGCThread "G1 Conc#2" [stack: 0x000000beacd00000,0x000000beace00000] [id=7560]
  0x0000023ef484b0e0 ConcurrentGCThread "G1 Conc#3" [stack: 0x000000beace00000,0x000000beacf00000] [id=23348]
  0x0000023ead8b72a0 ConcurrentGCThread "G1 Refine#0" [stack: 0x000000beaa900000,0x000000beaaa00000] [id=16880]
  0x0000023ead8b9af0 ConcurrentGCThread "G1 Service" [stack: 0x000000beaaa00000,0x000000beaab00000] [id=15944]

Threads with active compile tasks:

VM state: at safepoint (normal execution)

VM Mutex/Monitor currently owned by a thread:  ([mutex/lock_event])
[0x0000023e9607ef60] Threads_lock - owner thread: 0x0000023ead9eeb50
[0x0000023e9607df10] Heap_lock - owner thread: 0x0000023e96083870

Heap address: 0x0000000703e00000, size: 4034 MB, Compressed Oops mode: Zero based, Oop shift amount: 3

CDS archive(s) mapped at: [0x0000023eae000000-0x0000023eaebb0000-0x0000023eaebb0000), size 12255232, SharedBaseAddress: 0x0000023eae000000, ArchiveRelocationMode: 1.
Compressed class space mapped at: 0x0000023eaf000000-0x0000023eef000000, reserved size: 1073741824
Narrow klass base: 0x0000023eae000000, Narrow klass shift: 0, Narrow klass range: 0x100000000

GC Precious Log:
 CPUs: 20 total, 20 available
 Memory: 16128M
 Large Page Support: Disabled
 NUMA Support: Disabled
 Compressed Oops: Enabled (Zero based)
 Heap Region Size: 2M
 Heap Min Capacity: 8M
 Heap Initial Capacity: 254M
 Heap Max Capacity: 4034M
 Pre-touch: Disabled
 Parallel Workers: 15
 Concurrent Workers: 4
 Concurrent Refinement Workers: 15
 Periodic GC: Disabled

Heap:
 garbage-first heap   total 90112K, used 27608K [0x0000000703e00000, 0x0000000800000000)
  region size 2048K, 3 young (6144K), 3 survivors (6144K)
 Metaspace       used 27491K, committed 27840K, reserved 1114112K
  class space    used 3639K, committed 3840K, reserved 1048576K

Heap Regions: E=young(eden), S=young(survivor), O=old, HS=humongous(starts), HC=humongous(continues), CS=collection set, F=free, OA=open archive, CA=closed archive, TAMS=top-at-mark-start (previous, next)
|   0|0x0000000703e00000, 0x0000000704000000, 0x0000000704000000|100%| O|  |TAMS 0x0000000704000000, 0x0000000703e00000| Untracked 
|   1|0x0000000704000000, 0x0000000704200000, 0x0000000704200000|100%| O|  |TAMS 0x0000000704200000, 0x0000000704000000| Untracked 
|   2|0x0000000704200000, 0x0000000704400000, 0x0000000704400000|100%| O|  |TAMS 0x0000000704400000, 0x0000000704200000| Untracked 
|   3|0x0000000704400000, 0x0000000704600000, 0x0000000704600000|100%| O|  |TAMS 0x0000000704600000, 0x0000000704400000| Untracked 
|   4|0x0000000704600000, 0x0000000704800000, 0x0000000704800000|100%| O|  |TAMS 0x0000000704800000, 0x0000000704600000| Untracked 
|   5|0x0000000704800000, 0x0000000704a00000, 0x0000000704a00000|100%| O|  |TAMS 0x0000000704a00000, 0x0000000704800000| Untracked 
|   6|0x0000000704a00000, 0x0000000704c00000, 0x0000000704c00000|100%| O|  |TAMS 0x0000000704c00000, 0x0000000704a00000| Untracked 
|   7|0x0000000704c00000, 0x0000000704cc7a00, 0x0000000704e00000| 38%| O|  |TAMS 0x0000000704cc7a00, 0x0000000704c00000| Untracked 
|   8|0x0000000704e00000, 0x0000000705000000, 0x0000000705000000|100%| O|  |TAMS 0x0000000704e00000, 0x0000000704e00000| Untracked 
|   9|0x0000000705000000, 0x0000000705200000, 0x0000000705200000|100%| O|  |TAMS 0x0000000705000000, 0x0000000705000000| Untracked 
|  10|0x0000000705200000, 0x0000000705400000, 0x0000000705400000|100%| O|  |TAMS 0x0000000705200000, 0x0000000705200000| Untracked 
|  11|0x0000000705400000, 0x0000000705500c00, 0x0000000705600000| 50%| O|  |TAMS 0x0000000705400000, 0x0000000705400000| Untracked 
|  12|0x0000000705600000, 0x0000000705600000, 0x0000000705800000|  0%| F|  |TAMS 0x0000000705600000, 0x0000000705600000| Untracked 
|  13|0x0000000705800000, 0x0000000705800000, 0x0000000705a00000|  0%| F|  |TAMS 0x0000000705800000, 0x0000000705800000| Untracked 
|  14|0x0000000705a00000, 0x0000000705a00000, 0x0000000705c00000|  0%| F|  |TAMS 0x0000000705a00000, 0x0000000705a00000| Untracked 
|  15|0x0000000705c00000, 0x0000000705c00000, 0x0000000705e00000|  0%| F|  |TAMS 0x0000000705c00000, 0x0000000705c00000| Untracked 
|  16|0x0000000705e00000, 0x0000000705e00000, 0x0000000706000000|  0%| F|  |TAMS 0x0000000705e00000, 0x0000000705e00000| Untracked 
|  17|0x0000000706000000, 0x0000000706000000, 0x0000000706200000|  0%| F|  |TAMS 0x0000000706000000, 0x0000000706000000| Untracked 
|  18|0x0000000706200000, 0x0000000706200000, 0x0000000706400000|  0%| F|  |TAMS 0x0000000706200000, 0x0000000706200000| Untracked 
|  19|0x0000000706400000, 0x0000000706400000, 0x0000000706600000|  0%| F|  |TAMS 0x0000000706400000, 0x0000000706400000| Untracked 
|  20|0x0000000706600000, 0x0000000706600000, 0x0000000706800000|  0%| F|  |TAMS 0x0000000706600000, 0x0000000706600000| Untracked 
|  21|0x0000000706800000, 0x0000000706800000, 0x0000000706a00000|  0%| F|  |TAMS 0x0000000706800000, 0x0000000706800000| Untracked 
|  22|0x0000000706a00000, 0x0000000706a00000, 0x0000000706c00000|  0%| F|  |TAMS 0x0000000706a00000, 0x0000000706a00000| Untracked 
|  23|0x0000000706c00000, 0x0000000706c00000, 0x0000000706e00000|  0%| F|  |TAMS 0x0000000706c00000, 0x0000000706c00000| Untracked 
|  24|0x0000000706e00000, 0x0000000706e00000, 0x0000000707000000|  0%| F|  |TAMS 0x0000000706e00000, 0x0000000706e00000| Untracked 
|  25|0x0000000707000000, 0x0000000707000000, 0x0000000707200000|  0%| F|  |TAMS 0x0000000707000000, 0x0000000707000000| Untracked 
|  26|0x0000000707200000, 0x000000070732dae8, 0x0000000707400000| 58%| S|CS|TAMS 0x0000000707200000, 0x0000000707200000| Complete 
|  27|0x0000000707400000, 0x0000000707600000, 0x0000000707600000|100%| S|CS|TAMS 0x0000000707400000, 0x0000000707400000| Complete 
|  28|0x0000000707600000, 0x0000000707800000, 0x0000000707800000|100%| S|CS|TAMS 0x0000000707600000, 0x0000000707600000| Complete 
|  29|0x0000000707800000, 0x0000000707800000, 0x0000000707a00000|  0%| F|  |TAMS 0x0000000707800000, 0x0000000707800000| Untracked 
|  30|0x0000000707a00000, 0x0000000707a00000, 0x0000000707c00000|  0%| F|  |TAMS 0x0000000707a00000, 0x0000000707a00000| Untracked 
|  31|0x0000000707c00000, 0x0000000707c00000, 0x0000000707e00000|  0%| F|  |TAMS 0x0000000707c00000, 0x0000000707c00000| Untracked 
|  32|0x0000000707e00000, 0x0000000707e00000, 0x0000000708000000|  0%| F|  |TAMS 0x0000000707e00000, 0x0000000707e00000| Untracked 
|  33|0x0000000708000000, 0x0000000708000000, 0x0000000708200000|  0%| F|  |TAMS 0x0000000708000000, 0x0000000708000000| Untracked 
|  34|0x0000000708200000, 0x0000000708200000, 0x0000000708400000|  0%| F|  |TAMS 0x0000000708200000, 0x0000000708200000| Untracked 
|  35|0x0000000708400000, 0x0000000708400000, 0x0000000708600000|  0%| F|  |TAMS 0x0000000708400000, 0x0000000708400000| Untracked 
|  36|0x0000000708600000, 0x0000000708600000, 0x0000000708800000|  0%| F|  |TAMS 0x0000000708600000, 0x0000000708600000| Untracked 
|  37|0x0000000708800000, 0x0000000708800000, 0x0000000708a00000|  0%| F|  |TAMS 0x0000000708800000, 0x0000000708800000| Untracked 
|  38|0x0000000708a00000, 0x0000000708a00000, 0x0000000708c00000|  0%| F|  |TAMS 0x0000000708a00000, 0x0000000708a00000| Untracked 
| 100|0x0000000710600000, 0x0000000710600000, 0x0000000710800000|  0%| F|  |TAMS 0x0000000710600000, 0x0000000710600000| Untracked 
| 101|0x0000000710800000, 0x0000000710800000, 0x0000000710a00000|  0%| F|  |TAMS 0x0000000710800000, 0x0000000710800000| Untracked 
| 102|0x0000000710a00000, 0x0000000710a00000, 0x0000000710c00000|  0%| F|  |TAMS 0x0000000710a00000, 0x0000000710a00000| Untracked 
| 103|0x0000000710c00000, 0x0000000710c00000, 0x0000000710e00000|  0%| F|  |TAMS 0x0000000710c00000, 0x0000000710c00000| Untracked 
| 126|0x0000000713a00000, 0x0000000713a00000, 0x0000000713c00000|  0%| F|  |TAMS 0x0000000713a00000, 0x0000000713a00000| Untracked 

Card table byte_map: [0x0000023ea1c20000,0x0000023ea2410000] _byte_map_base: 0x0000023e9e401000

Marking Bits (Prev, Next): (CMBitMap*) 0x0000023e960eeed0, (CMBitMap*) 0x0000023e960eee90
 Prev Bits: [0x0000023ea6b10000, 0x0000023eaaa18000)
 Next Bits: [0x0000023ea2c00000, 0x0000023ea6b08000)

Polling page: 0x0000023e94070000

Metaspace:

Usage:
  Non-class:     23.29 MB used.
      Class:      3.55 MB used.
       Both:     26.85 MB used.

Virtual space:
  Non-class space:       64.00 MB reserved,      23.44 MB ( 37%) committed,  1 nodes.
      Class space:        1.00 GB reserved,       3.75 MB ( <1%) committed,  1 nodes.
             Both:        1.06 GB reserved,      27.19 MB (  2%) committed. 

Chunk freelists:
   Non-Class:  8.02 MB
       Class:  12.22 MB
        Both:  20.23 MB

MaxMetaspaceSize: unlimited
CompressedClassSpaceSize: 1.00 GB
Initial GC threshold: 21.00 MB
Current GC threshold: 35.25 MB
CDS: on
MetaspaceReclaimPolicy: balanced
 - commit_granule_bytes: 65536.
 - commit_granule_words: 8192.
 - virtual_space_node_default_size: 8388608.
 - enlarge_chunks_in_place: 1.
 - new_chunks_are_fully_committed: 0.
 - uncommit_free_chunks: 1.
 - use_allocation_guard: 0.
 - handle_deallocations: 1.


Internal statistics:

num_allocs_failed_limit: 5.
num_arena_births: 392.
num_arena_deaths: 0.
num_vsnodes_births: 2.
num_vsnodes_deaths: 0.
num_space_committed: 435.
num_space_uncommitted: 0.
num_chunks_returned_to_freelist: 5.
num_chunks_taken_from_freelist: 1358.
num_chunk_merges: 5.
num_chunk_splits: 931.
num_chunks_enlarged: 675.
num_inconsistent_stats: 0.

CodeCache: size=49152Kb used=8676Kb max_used=8676Kb free=40475Kb
 bounds [0x0000023e9dbb0000, 0x0000023e9e430000, 0x0000023ea0bb0000]
 total_blobs=4438 nmethods=3838 adapters=525
 compilation: enabled
              stopped_count=0, restarted_count=0
 full_count=0

Compilation events (20 events):
Event: 2.149 Thread 0x0000023eef03a410 nmethod 3831 0x0000023e9e41b390 code [0x0000023e9e41b5e0, 0x0000023e9e41bb58]
Event: 2.149 Thread 0x0000023eef09e080 3828       1       org.springframework.boot.autoconfigure.condition.OnBeanCondition$Spec::extractTypes (20 bytes)
Event: 2.149 Thread 0x0000023eef03a410 3830       1       org.springframework.boot.autoconfigure.condition.OnBeanCondition$MatchResult::<init> (82 bytes)
Event: 2.149 Thread 0x0000023eef09e080 nmethod 3828 0x0000023e9e41db90 code [0x0000023e9e41dd40, 0x0000023e9e41e088]
Event: 2.149 Thread 0x0000023eef09e080 3832       1       org.springframework.boot.autoconfigure.condition.OnBeanCondition$Spec::toString (240 bytes)
Event: 2.149 Thread 0x0000023ef56a6840 nmethod 3829 0x0000023e9e41bf90 code [0x0000023e9e41c340, 0x0000023e9e41d0b8]
Event: 2.149 Thread 0x0000023eef03a410 nmethod 3830 0x0000023e9e41e190 code [0x0000023e9e41e380, 0x0000023e9e41ec78]
Event: 2.149 Thread 0x0000023ef56a6840 3833       1       org.springframework.context.annotation.ConfigurationClassBeanDefinitionReader::loadBeanDefinitionsForBeanMethod (637 bytes)
Event: 2.150 Thread 0x0000023eef09e080 nmethod 3832 0x0000023e9e41ee10 code [0x0000023e9e41f100, 0x0000023e9e41f898]
Event: 2.151 Thread 0x0000023ef56a6840 nmethod 3833 0x0000023e9e41fd10 code [0x0000023e9e4202e0, 0x0000023e9e422af8]
Event: 2.151 Thread 0x0000023ef56a6840 3834   !   1       jdk.proxy2.$Proxy29::annotationType (29 bytes)
Event: 2.152 Thread 0x0000023ef56a6840 nmethod 3834 0x0000023e9e424190 code [0x0000023e9e424340, 0x0000023e9e424558]
Event: 2.153 Thread 0x0000023ef56a6840 3835       1       org.springframework.boot.autoconfigure.condition.OnClassCondition::getMatchOutcome (218 bytes)
Event: 2.154 Thread 0x0000023eef09e080 3836       1       org.springframework.core.ResolvableType::forRawClass (10 bytes)
Event: 2.154 Thread 0x0000023eef03a410 3837       1       org.springframework.core.ResolvableType$1::<init> (11 bytes)
Event: 2.154 Thread 0x0000023eef09e080 nmethod 3836 0x0000023e9e424690 code [0x0000023e9e424820, 0x0000023e9e4249a8]
Event: 2.154 Thread 0x0000023eef03a410 nmethod 3837 0x0000023e9e424a90 code [0x0000023e9e424c20, 0x0000023e9e424d48]
Event: 2.155 Thread 0x0000023ef56a6840 nmethod 3835 0x0000023e9e424e10 code [0x0000023e9e425440, 0x0000023e9e4274a8]
Event: 2.155 Thread 0x0000023eef03a410 3838       1       org.springframework.beans.factory.support.DefaultListableBeanFactory::getBeanNamesForType (101 bytes)
Event: 2.155 Thread 0x0000023eef03a410 nmethod 3838 0x0000023e9e428890 code [0x0000023e9e428aa0, 0x0000023e9e428f68]

GC Heap History (11 events):
Event: 0.281 GC heap before
{Heap before GC invocations=0 (full 0):
 garbage-first heap   total 260096K, used 20480K [0x0000000703e00000, 0x0000000800000000)
  region size 2048K, 11 young (22528K), 0 survivors (0K)
 Metaspace       used 3028K, committed 3200K, reserved 1114112K
  class space    used 355K, committed 448K, reserved 1048576K
}
Event: 0.285 GC heap after
{Heap after GC invocations=1 (full 0):
 garbage-first heap   total 260096K, used 14356K [0x0000000703e00000, 0x0000000800000000)
  region size 2048K, 2 young (4096K), 2 survivors (4096K)
 Metaspace       used 3028K, committed 3200K, reserved 1114112K
  class space    used 355K, committed 448K, reserved 1048576K
}
Event: 0.515 GC heap before
{Heap before GC invocations=1 (full 0):
 garbage-first heap   total 260096K, used 26644K [0x0000000703e00000, 0x0000000800000000)
  region size 2048K, 8 young (16384K), 2 survivors (4096K)
 Metaspace       used 7584K, committed 7808K, reserved 1114112K
  class space    used 965K, committed 1088K, reserved 1048576K
}
Event: 0.519 GC heap after
{Heap after GC invocations=2 (full 0):
 garbage-first heap   total 260096K, used 16479K [0x0000000703e00000, 0x0000000800000000)
  region size 2048K, 1 young (2048K), 1 survivors (2048K)
 Metaspace       used 7584K, committed 7808K, reserved 1114112K
  class space    used 965K, committed 1088K, reserved 1048576K
}
Event: 1.148 GC heap before
{Heap before GC invocations=2 (full 0):
 garbage-first heap   total 260096K, used 51295K [0x0000000703e00000, 0x0000000800000000)
  region size 2048K, 19 young (38912K), 1 survivors (2048K)
 Metaspace       used 15326K, committed 15616K, reserved 1114112K
  class space    used 2017K, committed 2176K, reserved 1048576K
}
Event: 1.151 GC heap after
{Heap after GC invocations=3 (full 0):
 garbage-first heap   total 260096K, used 18979K [0x0000000703e00000, 0x0000000800000000)
  region size 2048K, 2 young (4096K), 2 survivors (4096K)
 Metaspace       used 15326K, committed 15616K, reserved 1114112K
  class space    used 2017K, committed 2176K, reserved 1048576K
}
Event: 1.530 GC heap before
{Heap before GC invocations=3 (full 0):
 garbage-first heap   total 260096K, used 57891K [0x0000000703e00000, 0x0000000800000000)
  region size 2048K, 23 young (47104K), 2 survivors (4096K)
 Metaspace       used 21250K, committed 21504K, reserved 1114112K
  class space    used 2800K, committed 2944K, reserved 1048576K
}
Event: 1.534 GC heap after
{Heap after GC invocations=4 (full 0):
 garbage-first heap   total 260096K, used 22852K [0x0000000703e00000, 0x0000000800000000)
  region size 2048K, 4 young (8192K), 4 survivors (8192K)
 Metaspace       used 21250K, committed 21504K, reserved 1114112K
  class space    used 2800K, committed 2944K, reserved 1048576K
}
Event: 1.868 GC heap before
{Heap before GC invocations=5 (full 0):
 garbage-first heap   total 90112K, used 67908K [0x0000000703e00000, 0x0000000800000000)
  region size 2048K, 26 young (53248K), 4 survivors (8192K)
 Metaspace       used 24343K, committed 24704K, reserved 1114112K
  class space    used 3182K, committed 3392K, reserved 1048576K
}
Event: 1.874 GC heap after
{Heap after GC invocations=6 (full 0):
 garbage-first heap   total 90112K, used 25222K [0x0000000703e00000, 0x0000000800000000)
  region size 2048K, 4 young (8192K), 4 survivors (8192K)
 Metaspace       used 24343K, committed 24704K, reserved 1114112K
  class space    used 3182K, committed 3392K, reserved 1048576K
}
Event: 2.157 GC heap before
{Heap before GC invocations=6 (full 0):
 garbage-first heap   total 90112K, used 55942K [0x0000000703e00000, 0x0000000800000000)
  region size 2048K, 19 young (38912K), 4 survivors (8192K)
 Metaspace       used 27491K, committed 27840K, reserved 1114112K
  class space    used 3639K, committed 3840K, reserved 1048576K
}

Dll operation events (12 events):
Event: 0.006 Loaded shared library C:\Users\20866\.jdks\corretto-17.0.13\bin\java.dll
Event: 0.020 Loaded shared library C:\Users\20866\.jdks\corretto-17.0.13\bin\jsvml.dll
Event: 0.049 Loaded shared library C:\Users\20866\.jdks\corretto-17.0.13\bin\zip.dll
Event: 0.052 Loaded shared library C:\Users\20866\.jdks\corretto-17.0.13\bin\instrument.dll
Event: 0.055 Loaded shared library C:\Users\20866\.jdks\corretto-17.0.13\bin\net.dll
Event: 0.057 Loaded shared library C:\Users\20866\.jdks\corretto-17.0.13\bin\nio.dll
Event: 0.058 Loaded shared library C:\Users\20866\.jdks\corretto-17.0.13\bin\zip.dll
Event: 0.088 Loaded shared library C:\Users\20866\.jdks\corretto-17.0.13\bin\jimage.dll
Event: 0.207 Loaded shared library D:\IntelliJ IDEA 2024.3.1.1\bin\breakgen64.dll
Event: 0.215 Loaded shared library C:\Users\20866\.jdks\corretto-17.0.13\bin\extnet.dll
Event: 0.218 Loaded shared library C:\Users\20866\.jdks\corretto-17.0.13\bin\management.dll
Event: 0.225 Loaded shared library C:\Users\20866\.jdks\corretto-17.0.13\bin\management_ext.dll

Deoptimization events (0 events):
No events

Classes loaded (20 events):
Event: 1.380 Loading class java/nio/file/FileTreeWalker$EventType
Event: 1.380 Loading class java/nio/file/FileTreeWalker$EventType done
Event: 1.380 Loading class java/util/stream/SortedOps
Event: 1.381 Loading class java/util/stream/SortedOps done
Event: 1.381 Loading class java/util/stream/SortedOps$OfRef
Event: 1.381 Loading class java/util/stream/SortedOps$OfRef done
Event: 1.381 Loading class java/util/Comparators$NaturalOrderComparator
Event: 1.381 Loading class java/util/Comparators$NaturalOrderComparator done
Event: 1.382 Loading class java/util/stream/SortedOps$RefSortingSink
Event: 1.382 Loading class java/util/stream/SortedOps$AbstractRefSortingSink
Event: 1.382 Loading class java/util/stream/SortedOps$AbstractRefSortingSink done
Event: 1.382 Loading class java/util/stream/SortedOps$RefSortingSink done
Event: 1.383 Loading class java/util/regex/Pattern$LazyLoop
Event: 1.383 Loading class java/util/regex/Pattern$LazyLoop done
Event: 1.526 Loading class javax/naming/ldap/LdapContext
Event: 1.527 Loading class javax/naming/directory/DirContext
Event: 1.527 Loading class javax/naming/directory/DirContext done
Event: 1.527 Loading class javax/naming/ldap/LdapContext done
Event: 1.926 Loading class java/lang/UnsupportedClassVersionError
Event: 1.926 Loading class java/lang/UnsupportedClassVersionError done

Classes unloaded (0 events):
No events

Classes redefined (0 events):
No events

Internal exceptions (20 events):
Event: 1.243 Thread 0x0000023e96083870 Exception <a 'java/lang/NoSuchMethodError'{0x0000000712df4890}: 'int java.lang.invoke.DirectMethodHandle$Holder.invokeStaticInit(java.lang.Object, java.lang.Object, java.lang.Object, java.lang.Object)'> (0x0000000712df4890) 
thrown [s\src\hotspot\share\interpreter\linkResolver.cpp, line 759]
Event: 1.244 Thread 0x0000023e96083870 Exception <a 'java/lang/IncompatibleClassChangeError'{0x0000000712dfd9a8}: Found class java.lang.Object, but interface was expected> (0x0000000712dfd9a8) 
thrown [s\src\hotspot\share\interpreter\linkResolver.cpp, line 826]
Event: 1.293 Thread 0x0000023e96083870 Exception <a 'java/lang/ClassNotFoundException'{0x0000000712633e98}: groovy/lang/ExpandoMetaClassBeanInfo> (0x0000000712633e98) 
thrown [s\src\hotspot\share\classfile\systemDictionary.cpp, line 256]
Event: 1.293 Thread 0x0000023ef4501bd0 Exception <a 'java/lang/reflect/InvocationTargetException'{0x0000000712709410}> (0x0000000712709410) 
thrown [s\src\hotspot\share\runtime\reflection.cpp, line 1128]
Event: 1.293 Thread 0x0000023e96083870 Exception <a 'java/lang/ClassNotFoundException'{0x00000007126468c8}: groovy/lang/MetaClassImplBeanInfo> (0x00000007126468c8) 
thrown [s\src\hotspot\share\classfile\systemDictionary.cpp, line 256]
Event: 1.293 Thread 0x0000023e96083870 Exception <a 'java/lang/ClassNotFoundException'{0x0000000712647328}: java/lang/ObjectBeanInfo> (0x0000000712647328) 
thrown [s\src\hotspot\share\classfile\systemDictionary.cpp, line 256]
Event: 1.294 Thread 0x0000023e96083870 Exception <a 'java/lang/ClassNotFoundException'{0x00000007126486d8}: java/lang/ObjectCustomizer> (0x00000007126486d8) 
thrown [s\src\hotspot\share\classfile\systemDictionary.cpp, line 256]
Event: 1.294 Thread 0x0000023ef4501bd0 Exception <a 'java/lang/NoSuchMethodError'{0x0000000712732b40}: static [Ljava/lang/StackTraceElement;.<clinit>()V> (0x0000000712732b40) 
thrown [s\src\hotspot\share\prims\jni.cpp, line 1112]
Event: 1.297 Thread 0x0000023e96083870 Exception <a 'java/lang/IncompatibleClassChangeError'{0x000000071264d130}: Found class java.lang.Object, but interface was expected> (0x000000071264d130) 
thrown [s\src\hotspot\share\interpreter\linkResolver.cpp, line 826]
Event: 1.300 Thread 0x0000023e96083870 Exception <a 'java/lang/ClassNotFoundException'{0x000000071266f5c8}: groovy/lang/MetaClassImplCustomizer> (0x000000071266f5c8) 
thrown [s\src\hotspot\share\classfile\systemDictionary.cpp, line 256]
Event: 1.302 Thread 0x0000023e96083870 Exception <a 'java/lang/ClassNotFoundException'{0x00000007126a1868}: groovy/lang/ExpandoMetaClassCustomizer> (0x00000007126a1868) 
thrown [s\src\hotspot\share\classfile\systemDictionary.cpp, line 256]
Event: 1.310 Thread 0x0000023e96083870 Exception <a 'java/lang/ClassNotFoundException'{0x0000000712442398}: org/springframework/beans/factory/groovy/GroovyBeanDefinitionReaderBeanInfo> (0x0000000712442398) 
thrown [s\src\hotspot\share\classfile\systemDictionary.cpp, line 256]
Event: 1.310 Thread 0x0000023e96083870 Exception <a 'java/lang/ClassNotFoundException'{0x000000071244a568}: org/springframework/beans/factory/support/AbstractBeanDefinitionReaderBeanInfo> (0x000000071244a568) 
thrown [s\src\hotspot\share\classfile\systemDictionary.cpp, line 256]
Event: 1.311 Thread 0x0000023e96083870 Exception <a 'java/lang/ClassNotFoundException'{0x0000000712452418}: org/springframework/beans/factory/support/AbstractBeanDefinitionReaderCustomizer> (0x0000000712452418) 
thrown [s\src\hotspot\share\classfile\systemDictionary.cpp, line 256]
Event: 1.312 Thread 0x0000023e96083870 Exception <a 'java/lang/ClassNotFoundException'{0x00000007124670f0}: org/springframework/beans/factory/groovy/GroovyBeanDefinitionReaderCustomizer> (0x00000007124670f0) 
thrown [s\src\hotspot\share\classfile\systemDictionary.cpp, line 256]
Event: 1.378 Thread 0x0000023e96083870 Exception <a 'java/lang/NoSuchMethodError'{0x00000007121e6f20}: 'int java.lang.invoke.DirectMethodHandle$Holder.invokeSpecial(java.lang.Object, java.lang.Object, java.lang.Object, java.lang.Object, java.lang.Object)'> (0x00000007121e6f20) 
thrown [s\src\hotspot\share\interpreter\linkResolver.cpp, line 759]
Event: 1.380 Thread 0x0000023e96083870 Exception <a 'java/lang/NoSuchMethodError'{0x00000007121f0038}: 'void java.lang.invoke.DirectMethodHandle$Holder.invokeVirtual(java.lang.Object, java.lang.Object)'> (0x00000007121f0038) 
thrown [s\src\hotspot\share\interpreter\linkResolver.cpp, line 759]
Event: 1.505 Thread 0x0000023e96083870 Exception <a 'java/lang/NoSuchMethodError'{0x0000000711711b30}: 'void java.lang.invoke.DirectMethodHandle$Holder.invokeInterface(java.lang.Object, java.lang.Object, java.lang.Object, java.lang.Object)'> (0x0000000711711b30) 
thrown [s\src\hotspot\share\interpreter\linkResolver.cpp, line 759]
Event: 1.547 Thread 0x0000023e96083870 Exception <a 'java/lang/NoClassDefFoundError'{0x0000000708a3e060}: org/glassfish/jersey/server/monitoring/ApplicationEventListener> (0x0000000708a3e060) 
thrown [s\src\hotspot\share\classfile\systemDictionary.cpp, line 245]
Event: 1.802 Thread 0x0000023ef4501bd0 Exception <a 'java/lang/reflect/InvocationTargetException'{0x0000000706a094f8}> (0x0000000706a094f8) 
thrown [s\src\hotspot\share\runtime\reflection.cpp, line 1128]

VM Operations (20 events):
Event: 1.534 Executing VM operation: CollectForMetadataAllocation done
Event: 1.537 Executing VM operation: G1PauseRemark
Event: 1.538 Executing VM operation: G1PauseRemark done
Event: 1.539 Executing VM operation: G1PauseCleanup
Event: 1.539 Executing VM operation: G1PauseCleanup done
Event: 1.785 Executing VM operation: HandshakeAllThreads
Event: 1.785 Executing VM operation: HandshakeAllThreads done
Event: 1.837 Executing VM operation: ICBufferFull
Event: 1.837 Executing VM operation: ICBufferFull done
Event: 1.840 Executing VM operation: HandshakeAllThreads
Event: 1.840 Executing VM operation: HandshakeAllThreads done
Event: 1.867 Executing VM operation: G1CollectForAllocation
Event: 1.874 Executing VM operation: G1CollectForAllocation done
Event: 2.091 Executing VM operation: HandshakeAllThreads
Event: 2.091 Executing VM operation: HandshakeAllThreads done
Event: 2.091 Executing VM operation: HandshakeAllThreads
Event: 2.091 Executing VM operation: HandshakeAllThreads done
Event: 2.095 Executing VM operation: HandshakeAllThreads
Event: 2.095 Executing VM operation: HandshakeAllThreads done
Event: 2.157 Executing VM operation: G1CollectForAllocation

Memory protections (0 events):
No events

Nmethod flushes (0 events):
No events

Events (20 events):
Event: 0.031 Thread 0x0000023e96083870 Thread added: 0x0000023eef03b130
Event: 0.033 Thread 0x0000023eef03a410 Thread added: 0x0000023eef09e080
Event: 0.039 Thread 0x0000023e96083870 Thread added: 0x0000023ead9ecd80
Event: 0.207 Thread 0x0000023e96083870 Thread added: 0x0000023ef43a24a0
Event: 0.207 Thread 0x0000023e96083870 Thread added: 0x0000023eefbfd950
Event: 0.370 Thread 0x0000023e96083870 Thread added: 0x0000023ef44c1b90
Event: 0.390 Thread 0x0000023ef44c1b90 Thread added: 0x0000023ef4501bd0
Event: 0.404 Thread 0x0000023ef4501bd0 Thread added: 0x0000023ef450e2a0
Event: 0.408 Thread 0x0000023ef4501bd0 Thread added: 0x0000023ef456e610
Event: 0.861 Thread 0x0000023e96083870 Thread added: 0x0000023ef4716070
Event: 0.863 Thread 0x0000023ef4716070 Thread exited: 0x0000023ef4716070
Event: 1.042 Thread 0x0000023e96083870 Thread added: 0x0000023ef47188f0
Event: 1.212 Thread 0x0000023ef47188f0 Thread exited: 0x0000023ef47188f0
Event: 1.290 Thread 0x0000023ef4501bd0 Thread added: 0x0000023ef47183e0
Event: 1.297 Thread 0x0000023ef47183e0 Thread exited: 0x0000023ef47183e0
Event: 1.522 Thread 0x0000023e96083870 Thread added: 0x0000023ef4718e00
Event: 1.565 Thread 0x0000023ef4718e00 Thread exited: 0x0000023ef4718e00
Event: 1.733 Thread 0x0000023eef09e080 Thread added: 0x0000023ef56a6840
Event: 1.800 Thread 0x0000023ef4501bd0 Thread added: 0x0000023ef4716070
Event: 1.803 Thread 0x0000023ef4716070 Thread exited: 0x0000023ef4716070


Dynamic libraries:
0x00007ff6191b0000 - 0x00007ff6191be000 	C:\Users\20866\.jdks\corretto-17.0.13\bin\java.exe
0x00007ffbc2190000 - 0x00007ffbc23a7000 	C:\WINDOWS\SYSTEM32\ntdll.dll
0x00007ffbc07c0000 - 0x00007ffbc0884000 	C:\WINDOWS\System32\KERNEL32.DLL
0x00007ffbbfa10000 - 0x00007ffbbfde0000 	C:\WINDOWS\System32\KERNELBASE.dll
0x00007ffbbf610000 - 0x00007ffbbf721000 	C:\WINDOWS\System32\ucrtbase.dll
0x00007ffb8f690000 - 0x00007ffb8f6a7000 	C:\Users\20866\.jdks\corretto-17.0.13\bin\jli.dll
0x00007ffb9f100000 - 0x00007ffb9f11b000 	C:\Users\20866\.jdks\corretto-17.0.13\bin\VCRUNTIME140.dll
0x00007ffbc1f00000 - 0x00007ffbc20ae000 	C:\WINDOWS\System32\USER32.dll
0x00007ffbbf440000 - 0x00007ffbbf466000 	C:\WINDOWS\System32\win32u.dll
0x00007ffbc1760000 - 0x00007ffbc1789000 	C:\WINDOWS\System32\GDI32.dll
0x00007ffb97180000 - 0x00007ffb97412000 	C:\WINDOWS\WinSxS\amd64_microsoft.windows.common-controls_6595b64144ccf1df_6.0.22621.4830_none_270fe7d773858e80\COMCTL32.dll
0x00007ffbbf830000 - 0x00007ffbbf94b000 	C:\WINDOWS\System32\gdi32full.dll
0x00007ffbbfde0000 - 0x00007ffbbfe7a000 	C:\WINDOWS\System32\msvcp_win.dll
0x00007ffbc04d0000 - 0x00007ffbc0577000 	C:\WINDOWS\System32\msvcrt.dll
0x00007ffbc0d10000 - 0x00007ffbc0d41000 	C:\WINDOWS\System32\IMM32.DLL
0x00007ffba69c0000 - 0x00007ffba69cc000 	C:\Users\20866\.jdks\corretto-17.0.13\bin\vcruntime140_1.dll
0x00007ffb1a360000 - 0x00007ffb1a3ed000 	C:\Users\20866\.jdks\corretto-17.0.13\bin\msvcp140.dll
0x00007ffae2350000 - 0x00007ffae2fbc000 	C:\Users\20866\.jdks\corretto-17.0.13\bin\server\jvm.dll
0x00007ffbc0580000 - 0x00007ffbc0631000 	C:\WINDOWS\System32\ADVAPI32.dll
0x00007ffbc1a10000 - 0x00007ffbc1ab7000 	C:\WINDOWS\System32\sechost.dll
0x00007ffbbf470000 - 0x00007ffbbf498000 	C:\WINDOWS\System32\bcrypt.dll
0x00007ffbc0030000 - 0x00007ffbc0144000 	C:\WINDOWS\System32\RPCRT4.dll
0x00007ffbc16c0000 - 0x00007ffbc1731000 	C:\WINDOWS\System32\WS2_32.dll
0x00007ffbb9340000 - 0x00007ffbb9374000 	C:\WINDOWS\SYSTEM32\WINMM.dll
0x00007ffbb62d0000 - 0x00007ffbb62da000 	C:\WINDOWS\SYSTEM32\VERSION.dll
0x00007ffbbe2a0000 - 0x00007ffbbe2ed000 	C:\WINDOWS\SYSTEM32\POWRPROF.dll
0x00007ffbbe280000 - 0x00007ffbbe293000 	C:\WINDOWS\SYSTEM32\UMPDC.dll
0x00007ffbbe530000 - 0x00007ffbbe548000 	C:\WINDOWS\SYSTEM32\kernel.appcore.dll
0x00007ffba6920000 - 0x00007ffba692a000 	C:\Users\20866\.jdks\corretto-17.0.13\bin\jimage.dll
0x00007ffbbcc60000 - 0x00007ffbbce92000 	C:\WINDOWS\SYSTEM32\DBGHELP.DLL
0x00007ffbc1b70000 - 0x00007ffbc1f00000 	C:\WINDOWS\System32\combase.dll
0x00007ffbc15d0000 - 0x00007ffbc16a7000 	C:\WINDOWS\System32\OLEAUT32.dll
0x00007ffbb3fd0000 - 0x00007ffbb4002000 	C:\WINDOWS\SYSTEM32\dbgcore.DLL
0x00007ffbbf730000 - 0x00007ffbbf7ab000 	C:\WINDOWS\System32\bcryptPrimitives.dll
0x00007ffb8df50000 - 0x00007ffb8df5e000 	C:\Users\20866\.jdks\corretto-17.0.13\bin\instrument.dll
0x00007ffb7c540000 - 0x00007ffb7c565000 	C:\Users\20866\.jdks\corretto-17.0.13\bin\java.dll
0x00007ffb0c550000 - 0x00007ffb0c627000 	C:\Users\20866\.jdks\corretto-17.0.13\bin\jsvml.dll
0x00007ffbc0d50000 - 0x00007ffbc15c8000 	C:\WINDOWS\System32\SHELL32.dll
0x00007ffbbd350000 - 0x00007ffbbdc60000 	C:\WINDOWS\SYSTEM32\windows.storage.dll
0x00007ffbbd210000 - 0x00007ffbbd34f000 	C:\WINDOWS\SYSTEM32\wintypes.dll
0x00007ffbc0360000 - 0x00007ffbc046a000 	C:\WINDOWS\System32\SHCORE.dll
0x00007ffbc19b0000 - 0x00007ffbc1a0e000 	C:\WINDOWS\System32\shlwapi.dll
0x00007ffbbf370000 - 0x00007ffbbf39b000 	C:\WINDOWS\SYSTEM32\profapi.dll
0x00007ffb83880000 - 0x00007ffb83898000 	C:\Users\20866\.jdks\corretto-17.0.13\bin\zip.dll
0x00007ffb8f320000 - 0x00007ffb8f339000 	C:\Users\20866\.jdks\corretto-17.0.13\bin\net.dll
0x00007ffbbaef0000 - 0x00007ffbbb01c000 	C:\WINDOWS\SYSTEM32\WINHTTP.dll
0x00007ffbbe9b0000 - 0x00007ffbbea1a000 	C:\WINDOWS\system32\mswsock.dll
0x00007ffb87820000 - 0x00007ffb87836000 	C:\Users\20866\.jdks\corretto-17.0.13\bin\nio.dll
0x00007ffb48ed0000 - 0x00007ffb48eea000 	D:\IntelliJ IDEA 2024.3.1.1\bin\breakgen64.dll
0x00007ffbbdfa0000 - 0x00007ffbbe0a2000 	C:\WINDOWS\SYSTEM32\DNSAPI.dll
0x00007ffbbdf30000 - 0x00007ffbbdf5d000 	C:\WINDOWS\SYSTEM32\IPHLPAPI.DLL
0x00007ffbc17e0000 - 0x00007ffbc17e9000 	C:\WINDOWS\System32\NSI.dll
0x00007ffbb9650000 - 0x00007ffbb965a000 	C:\Windows\System32\rasadhlp.dll
0x00007ffbb9660000 - 0x00007ffbb96e3000 	C:\WINDOWS\System32\fwpuclnt.dll
0x00007ffba63c0000 - 0x00007ffba63c9000 	C:\Users\20866\.jdks\corretto-17.0.13\bin\extnet.dll
0x00007ffba3850000 - 0x00007ffba3859000 	C:\Users\20866\.jdks\corretto-17.0.13\bin\management.dll
0x00007ffba3110000 - 0x00007ffba311b000 	C:\Users\20866\.jdks\corretto-17.0.13\bin\management_ext.dll
0x00007ffbc1ad0000 - 0x00007ffbc1ad8000 	C:\WINDOWS\System32\PSAPI.DLL
0x00007ffbbebb0000 - 0x00007ffbbebcb000 	C:\WINDOWS\SYSTEM32\CRYPTSP.dll
0x00007ffbbe490000 - 0x00007ffbbe4c5000 	C:\WINDOWS\system32\rsaenh.dll
0x00007ffbbea50000 - 0x00007ffbbea78000 	C:\WINDOWS\SYSTEM32\USERENV.dll
0x00007ffbbebd0000 - 0x00007ffbbebdc000 	C:\WINDOWS\SYSTEM32\CRYPTBASE.dll
0x00007ffbba680000 - 0x00007ffbba699000 	C:\WINDOWS\SYSTEM32\dhcpcsvc6.DLL
0x00007ffbba270000 - 0x00007ffbba28f000 	C:\WINDOWS\SYSTEM32\dhcpcsvc.DLL
0x00007ffb97420000 - 0x00007ffb97437000 	C:\WINDOWS\system32\napinsp.dll
0x00007ffb93ec0000 - 0x00007ffb93edb000 	C:\WINDOWS\system32\pnrpnsp.dll
0x00007ffb92500000 - 0x00007ffb92527000 	C:\WINDOWS\system32\nlansp_c.dll
0x00007ffb924e0000 - 0x00007ffb924f1000 	C:\WINDOWS\System32\winrnr.dll
0x00007ffbb9a70000 - 0x00007ffbb9a85000 	C:\WINDOWS\system32\wshbth.dll
0x00007ffb6a090000 - 0x00007ffb6a0e0000 	C:\WINDOWS\SYSTEM32\pdh.dll
0x00007ffbb6ff0000 - 0x00007ffbb7001000 	C:\WINDOWS\System32\perfproc.dll
0x00007ffbb9380000 - 0x00007ffbb9390000 	C:\WINDOWS\System32\perfos.dll
0x00007ffbbc6d0000 - 0x00007ffbbc6e0000 	C:\WINDOWS\SYSTEM32\pfclient.dll

dbghelp: loaded successfully - version: 4.0.5 - missing functions: none
symbol engine: initialized successfully - sym options: 0x614 - pdb path: .;C:\Users\20866\.jdks\corretto-17.0.13\bin;C:\WINDOWS\SYSTEM32;C:\WINDOWS\WinSxS\amd64_microsoft.windows.common-controls_6595b64144ccf1df_6.0.22621.4830_none_270fe7d773858e80;C:\Users\20866\.jdks\corretto-17.0.13\bin\server;D:\IntelliJ IDEA 2024.3.1.1\bin

VM Arguments:
jvm_args: -XX:TieredStopAtLevel=1 -Dspring.output.ansi.enabled=always -Dcom.sun.management.jmxremote -Dspring.jmx.enabled=true -Dspring.liveBeansView.mbeanDomain -Dspring.application.admin.enabled=true -Dmanagement.endpoints.jmx.exposure.include=* -javaagent:D:\IntelliJ IDEA 2024.3.1.1\lib\idea_rt.jar=51032:D:\IntelliJ IDEA 2024.3.1.1\bin -Dfile.encoding=UTF-8 
java_command: com.nageoffer.shortlink.project.ShortLinkApplication
java_class_path (initial): C:\Users\20866\AppData\Local\Temp\classpath1790915137.jar
Launcher Type: SUN_STANDARD

[Global flags]
     intx CICompilerCount                          = 12                                        {product} {ergonomic}
     uint ConcGCThreads                            = 4                                         {product} {ergonomic}
     uint G1ConcRefinementThreads                  = 15                                        {product} {ergonomic}
   size_t G1HeapRegionSize                         = 2097152                                   {product} {ergonomic}
    uintx GCDrainStackTargetSize                   = 64                                        {product} {ergonomic}
   size_t InitialHeapSize                          = 266338304                                 {product} {ergonomic}
     bool ManagementServer                         = true                                      {product} {command line}
   size_t MarkStackSize                            = 4194304                                   {product} {ergonomic}
   size_t MaxHeapSize                              = 4229955584                                {product} {ergonomic}
   size_t MaxNewSize                               = 2537553920                                {product} {ergonomic}
   size_t MinHeapDeltaBytes                        = 2097152                                   {product} {ergonomic}
   size_t MinHeapSize                              = 8388608                                   {product} {ergonomic}
    uintx NonProfiledCodeHeapSize                  = 0                                      {pd product} {ergonomic}
     bool ProfileInterpreter                       = false                                  {pd product} {command line}
    uintx ProfiledCodeHeapSize                     = 0                                      {pd product} {ergonomic}
   size_t SoftMaxHeapSize                          = 4229955584                             {manageable} {ergonomic}
     intx TieredStopAtLevel                        = 1                                         {product} {command line}
     bool UseCompressedClassPointers               = true                           {product lp64_product} {ergonomic}
     bool UseCompressedOops                        = true                           {product lp64_product} {ergonomic}
     bool UseG1GC                                  = true                                      {product} {ergonomic}
     bool UseLargePagesIndividualAllocation        = false                                  {pd product} {ergonomic}

Logging:
Log output configuration:
 #0: stdout all=warning uptime,level,tags
 #1: stderr all=off uptime,level,tags

Environment Variables:
JAVA_HOME=C:\Users\20866\.jdks\corretto-17.0.13
PATH=D:\xuliji\bin\;C:\Windows\system32;C:\Windows;C:\Windows\System32\Wbem;C:\Windows\System32\WindowsPowerShell\v1.0\;C:\Windows\System32\OpenSSH\;C:\Program Files (x86)\NVIDIA Corporation\PhysX\Common;C:\WINDOWS\system32;C:\WINDOWS;C:\WINDOWS\System32\Wbem;C:\WINDOWS\System32\WindowsPowerShell\v1.0\;C:\WINDOWS\System32\OpenSSH\;C:\Program Files\MySQL\MySQL Server 8.0\bin;D:\Git\cmd;C:\Program Files\NVIDIA Corporation\NVIDIA app\NvDLISR;C:\Users\20866\.jdks\corretto-17.0.13;D:\node-v16.20.1-win-x86;D:\Git\bin;C:\Users\20866\AppData\Local\Programs\Python\Python313\Scripts\;C:\Users\20866\AppData\Local\Programs\Python\Python313\;C:\Users\20866\AppData\Local\Microsoft\WindowsApps;D:\WebStorm 2024.3.1.1\bin;;D:\IntelliJ IDEA 2024.3.1.1\bin;;D:\MySQL\MySQL Server 8.0\bin;;C:\WINDOWS\System32\Wbem
USERNAME=20866
OS=Windows_NT
PROCESSOR_IDENTIFIER=Intel64 Family 6 Model 154 Stepping 3, GenuineIntel
TMP=C:\Users\20866\AppData\Local\Temp
TEMP=C:\Users\20866\AppData\Local\Temp



Periodic native trim disabled


---------------  S Y S T E M  ---------------

OS:
 Windows 11 , 64 bit Build 22621 (10.0.22621.4830)
OS uptime: 5 days 21:54 hours
Hyper-V role detected

CPU: total 20 (initial active 20) (10 cores per cpu, 2 threads per core) family 6 model 154 stepping 3 microcode 0x419, cx8, cmov, fxsr, ht, mmx, 3dnowpref, sse, sse2, sse3, ssse3, sse4.1, sse4.2, popcnt, lzcnt, tsc, tscinvbit, avx, avx2, aes, erms, clmul, bmi1, bmi2, adx, sha, fma, vzeroupper, clflush, clflushopt, clwb, hv
Processor Information for processor 0
  Max Mhz: 2300, Current Mhz: 2300, Mhz Limit: 2300
Processor Information for processor 1
  Max Mhz: 2300, Current Mhz: 2300, Mhz Limit: 2300
Processor Information for processor 2
  Max Mhz: 2300, Current Mhz: 1506, Mhz Limit: 2300
Processor Information for processor 3
  Max Mhz: 2300, Current Mhz: 2300, Mhz Limit: 2300
Processor Information for processor 4
  Max Mhz: 2300, Current Mhz: 2300, Mhz Limit: 2300
Processor Information for processor 5
  Max Mhz: 2300, Current Mhz: 1506, Mhz Limit: 2300
Processor Information for processor 6
  Max Mhz: 2300, Current Mhz: 1506, Mhz Limit: 2300
Processor Information for processor 7
  Max Mhz: 2300, Current Mhz: 2300, Mhz Limit: 2300
Processor Information for processor 8
  Max Mhz: 2300, Current Mhz: 1506, Mhz Limit: 2300
Processor Information for processor 9
  Max Mhz: 2300, Current Mhz: 2300, Mhz Limit: 2300
Processor Information for processor 10
  Max Mhz: 2300, Current Mhz: 2300, Mhz Limit: 2300
Processor Information for processor 11
  Max Mhz: 2300, Current Mhz: 2300, Mhz Limit: 2300
Processor Information for processor 12
  Max Mhz: 2300, Current Mhz: 1700, Mhz Limit: 1679
Processor Information for processor 13
  Max Mhz: 2300, Current Mhz: 1700, Mhz Limit: 1679
Processor Information for processor 14
  Max Mhz: 2300, Current Mhz: 1700, Mhz Limit: 1679
Processor Information for processor 15
  Max Mhz: 2300, Current Mhz: 1700, Mhz Limit: 1679
Processor Information for processor 16
  Max Mhz: 2300, Current Mhz: 1700, Mhz Limit: 1679
Processor Information for processor 17
  Max Mhz: 2300, Current Mhz: 1500, Mhz Limit: 1679
Processor Information for processor 18
  Max Mhz: 2300, Current Mhz: 1700, Mhz Limit: 1679
Processor Information for processor 19
  Max Mhz: 2300, Current Mhz: 1700, Mhz Limit: 1679

Memory: 4k page, system-wide physical 16128M (226M free)
TotalPageFile size 28928M (AvailPageFile size 21M)
current process WorkingSet (physical memory assigned to process): 178M, peak: 178M
current process commit charge ("private bytes"): 249M, peak: 409M

vm_info: OpenJDK 64-Bit Server VM (17.0.13+11-LTS) for windows-amd64 JRE (17.0.13+11-LTS), built on Oct 10 2024 19:51:30 by "Administrator" with MS VC++ 16.10 / 16.11 (VS2019)

END.
